This is pdfTeX, Version 3.14159265-2.6-1.40.19 (TeX Live 2018) (preloaded format=pdflatex 2018.11.13)  26 JAN 2019 13:38
entering extended mode
 \write18 enabled.
 %&-line parsing enabled.
**new_annales.tex
(./new_annales.tex
LaTeX2e <2018-04-01> patch level 2
Babel <3.18> and hyphenation patterns for 84 language(s) loaded.
(./roosevelt.cls
Document Class: roosevelt 2019/01/09 LaTeX class for the New Annales
(/usr/local/texlive/2018/texmf-dist/tex/latex/koma-script/scrreprt.cls
Document Class: scrreprt 2018/03/30 v3.25 KOMA-Script document class (report)
(/usr/local/texlive/2018/texmf-dist/tex/latex/koma-script/scrkbase.sty
Package: scrkbase 2018/03/30 v3.25 KOMA-Script package (KOMA-Script-dependent b
asics and keyval usage)

(/usr/local/texlive/2018/texmf-dist/tex/latex/koma-script/scrbase.sty
Package: scrbase 2018/03/30 v3.25 KOMA-Script package (KOMA-Script-independent 
basics and keyval usage)

(/usr/local/texlive/2018/texmf-dist/tex/latex/graphics/keyval.sty
Package: keyval 2014/10/28 v1.15 key=value parser (DPC)
\KV@toks@=\toks14
)
(/usr/local/texlive/2018/texmf-dist/tex/latex/koma-script/scrlfile.sty
Package: scrlfile 2018/03/30 v3.25 KOMA-Script package (loading files)
)))
(/usr/local/texlive/2018/texmf-dist/tex/latex/koma-script/tocbasic.sty
Package: tocbasic 2018/03/30 v3.25 KOMA-Script package (handling toc-files)
\scr@dte@tocline@numberwidth=\skip41
\scr@dte@tocline@numbox=\box26
)
Package tocbasic Info: omitting babel extension for `toc'
(tocbasic)             because of feature `nobabel' available
(tocbasic)             for `toc' on input line 136.
Package tocbasic Info: defining new hook before heading of `' on input line 166
7.
Package scrreprt Info: You've used standard option `12pt'.
(scrreprt)             This is correct!
(scrreprt)             Internally I'm using `fontsize=12pt'.
(scrreprt)             If you'd like to set the option with \KOMAoptions,
(scrreprt)             you'd have to use `fontsize=12pt' there
(scrreprt)             instead of `12pt', too.
Class scrreprt Info: You've used standard option `final'.
(scrreprt)           This is correct!
(scrreprt)           Internally I'm using `draft=false'.
(scrreprt)           If you'd like to set the option with \KOMAoptions,
(scrreprt)           you'd have to use `draft=false' there
(scrreprt)           instead of `final', too.
Class scrreprt Info: File `scrsize12pt.clo' used to setup font sizes on input l
ine 2328.

(/usr/local/texlive/2018/texmf-dist/tex/latex/koma-script/scrsize12pt.clo
File: scrsize12pt.clo 2018/03/30 v3.25 KOMA-Script font size class option (12pt
)
)
(/usr/local/texlive/2018/texmf-dist/tex/latex/koma-script/typearea.sty
Package: typearea 2018/03/30 v3.25 KOMA-Script package (type area)
\ta@bcor=\skip42
\ta@div=\count80
\ta@hblk=\skip43
\ta@vblk=\skip44
\ta@temp=\skip45
\footheight=\skip46


Package typearea Warning: Maybe no optimal type area settings!
(typearea)                The maximum limit of line width is about 40%
(typearea)                larger than the heuristically detected line width.
(typearea)                You may e.g. increase DIV, decrease fontsize
(typearea)                or change the papersize.

Package typearea Info: These are the values describing the layout:
(typearea)             DIV  = 12
(typearea)             BCOR = 0.0pt
(typearea)             \paperwidth      = 597.50793pt
(typearea)              \textwidth      = 448.13095pt
(typearea)              DIV departure   = 40%
(typearea)              \evensidemargin = 27.31467pt
(typearea)              \oddsidemargin  = -22.47766pt
(typearea)             \paperheight     = 845.04694pt
(typearea)              \textheight     = 635.5pt
(typearea)              \topmargin      = -41.72441pt
(typearea)              \headheight     = 18.125pt
(typearea)              \headsep        = 21.75pt
(typearea)              \topskip        = 12.0pt
(typearea)              \footskip       = 50.75pt
(typearea)              \baselineskip   = 14.5pt
(typearea)              on input line 1706.
)
\c@part=\count81
\c@chapter=\count82
\c@section=\count83
\c@subsection=\count84
\c@subsubsection=\count85
\c@paragraph=\count86
\c@subparagraph=\count87
\scr@dte@part@maxnumwidth=\skip47
\scr@dte@chapter@maxnumwidth=\skip48
\scr@dte@section@maxnumwidth=\skip49
\scr@dte@subsection@maxnumwidth=\skip50
\scr@dte@subsubsection@maxnumwidth=\skip51
\scr@dte@paragraph@maxnumwidth=\skip52
\scr@dte@subparagraph@maxnumwidth=\skip53
\abovecaptionskip=\skip54
\belowcaptionskip=\skip55
\c@pti@nb@sid@b@x=\box27
\scr@dte@figure@maxnumwidth=\skip56
Package tocbasic Info: omitting babel extension for `lof'
(tocbasic)             because of feature `nobabel' available
(tocbasic)             for `lof' on input line 6247.
\c@figure=\count88
\scr@dte@table@maxnumwidth=\skip57
Package tocbasic Info: omitting babel extension for `lot'
(tocbasic)             because of feature `nobabel' available
(tocbasic)             for `lot' on input line 6264.
\c@table=\count89
Class scrreprt Info: Redefining `\numberline' on input line 6433.
\bibindent=\dimen102
) (/usr/local/texlive/2018/texmf-dist/tex/latex/xcolor/xcolor.sty
Package: xcolor 2016/05/11 v2.12 LaTeX color extensions (UK)

(/usr/local/texlive/2018/texmf-dist/tex/latex/graphics-cfg/color.cfg
File: color.cfg 2016/01/02 v1.6 sample color configuration
)
Package xcolor Info: Driver file: pdftex.def on input line 225.

(/usr/local/texlive/2018/texmf-dist/tex/latex/graphics-def/pdftex.def
File: pdftex.def 2018/01/08 v1.0l Graphics/color driver for pdftex
)
Package xcolor Info: Model `cmy' substituted by `cmy0' on input line 1348.
Package xcolor Info: Model `hsb' substituted by `rgb' on input line 1352.
Package xcolor Info: Model `RGB' extended on input line 1364.
Package xcolor Info: Model `HTML' substituted by `rgb' on input line 1366.
Package xcolor Info: Model `Hsb' substituted by `hsb' on input line 1367.
Package xcolor Info: Model `tHsb' substituted by `hsb' on input line 1368.
Package xcolor Info: Model `HSB' substituted by `hsb' on input line 1369.
Package xcolor Info: Model `Gray' substituted by `gray' on input line 1370.
Package xcolor Info: Model `wave' substituted by `hsb' on input line 1371.
)
(/usr/local/texlive/2018/texmf-dist/tex/latex/ms/ragged2e.sty
Package: ragged2e 2009/05/21 v2.1 ragged2e Package (MS)

(/usr/local/texlive/2018/texmf-dist/tex/latex/ms/everysel.sty
Package: everysel 2011/10/28 v1.2 EverySelectfont Package (MS)
)
\CenteringLeftskip=\skip58
\RaggedLeftLeftskip=\skip59
\RaggedRightLeftskip=\skip60
\CenteringRightskip=\skip61
\RaggedLeftRightskip=\skip62
\RaggedRightRightskip=\skip63
\CenteringParfillskip=\skip64
\RaggedLeftParfillskip=\skip65
\RaggedRightParfillskip=\skip66
\JustifyingParfillskip=\skip67
\CenteringParindent=\skip68
\RaggedLeftParindent=\skip69
\RaggedRightParindent=\skip70
\JustifyingParindent=\skip71
)
(/usr/local/texlive/2018/texmf-dist/tex/latex/geometry/geometry.sty
Package: geometry 2018/03/24 v5.7 Page Geometry

(/usr/local/texlive/2018/texmf-dist/tex/generic/oberdiek/ifpdf.sty
Package: ifpdf 2017/03/15 v3.2 Provides the ifpdf switch
)
(/usr/local/texlive/2018/texmf-dist/tex/generic/oberdiek/ifvtex.sty
Package: ifvtex 2016/05/16 v1.6 Detect VTeX and its facilities (HO)
Package ifvtex Info: VTeX not detected.
)
(/usr/local/texlive/2018/texmf-dist/tex/generic/ifxetex/ifxetex.sty
Package: ifxetex 2010/09/12 v0.6 Provides ifxetex conditional
)
\Gm@cnth=\count90
\Gm@cntv=\count91
\c@Gm@tempcnt=\count92
\Gm@bindingoffset=\dimen103
\Gm@wd@mp=\dimen104
\Gm@odd@mp=\dimen105
\Gm@even@mp=\dimen106
\Gm@layoutwidth=\dimen107
\Gm@layoutheight=\dimen108
\Gm@layouthoffset=\dimen109
\Gm@layoutvoffset=\dimen110
\Gm@dimlist=\toks15
)
(/usr/local/texlive/2018/texmf-dist/tex/generic/babel/babel.sty
Package: babel 2018/02/14 3.18 The Babel package

(/usr/local/texlive/2018/texmf-dist/tex/generic/babel/switch.def
File: switch.def 2018/02/14 3.18 Babel switching mechanism
)
(/usr/local/texlive/2018/texmf-dist/tex/generic/babel-english/english.ldf
Language: english 2017/06/06 v3.3r English support from the babel system

(/usr/local/texlive/2018/texmf-dist/tex/generic/babel/babel.def
File: babel.def 2018/02/14 3.18 Babel common definitions
\babel@savecnt=\count93
\U@D=\dimen111

(/usr/local/texlive/2018/texmf-dist/tex/generic/babel/txtbabel.def)
\bbl@dirlevel=\count94
)
\l@canadian = a dialect from \language\l@american 
\l@australian = a dialect from \language\l@british 
\l@newzealand = a dialect from \language\l@british 
))
(/usr/local/texlive/2018/texmf-dist/tex/latex/graphics/graphicx.sty
Package: graphicx 2017/06/01 v1.1a Enhanced LaTeX Graphics (DPC,SPQR)

(/usr/local/texlive/2018/texmf-dist/tex/latex/graphics/graphics.sty
Package: graphics 2017/06/25 v1.2c Standard LaTeX Graphics (DPC,SPQR)

(/usr/local/texlive/2018/texmf-dist/tex/latex/graphics/trig.sty
Package: trig 2016/01/03 v1.10 sin cos tan (DPC)
)
(/usr/local/texlive/2018/texmf-dist/tex/latex/graphics-cfg/graphics.cfg
File: graphics.cfg 2016/06/04 v1.11 sample graphics configuration
)
Package graphics Info: Driver file: pdftex.def on input line 99.
)
\Gin@req@height=\dimen112
\Gin@req@width=\dimen113
)
(/usr/local/texlive/2018/texmf-dist/tex/latex/base/fix-cm.sty
Package: fix-cm 2015/01/14 v1.1t fixes to LaTeX

(/usr/local/texlive/2018/texmf-dist/tex/latex/base/ts1enc.def
File: ts1enc.def 2001/06/05 v3.0e (jk/car/fm) Standard LaTeX file
Now handling font encoding TS1 ...
... processing UTF-8 mapping file for font encoding TS1

(/usr/local/texlive/2018/texmf-dist/tex/latex/base/ts1enc.dfu
File: ts1enc.dfu 2018/04/05 v1.2c UTF-8 support for inputenc
   defining Unicode char U+00A2 (decimal 162)
   defining Unicode char U+00A3 (decimal 163)
   defining Unicode char U+00A4 (decimal 164)
   defining Unicode char U+00A5 (decimal 165)
   defining Unicode char U+00A6 (decimal 166)
   defining Unicode char U+00A7 (decimal 167)
   defining Unicode char U+00A8 (decimal 168)
   defining Unicode char U+00A9 (decimal 169)
   defining Unicode char U+00AA (decimal 170)
   defining Unicode char U+00AC (decimal 172)
   defining Unicode char U+00AE (decimal 174)
   defining Unicode char U+00AF (decimal 175)
   defining Unicode char U+00B0 (decimal 176)
   defining Unicode char U+00B1 (decimal 177)
   defining Unicode char U+00B2 (decimal 178)
   defining Unicode char U+00B3 (decimal 179)
   defining Unicode char U+00B4 (decimal 180)
   defining Unicode char U+00B5 (decimal 181)
   defining Unicode char U+00B6 (decimal 182)
   defining Unicode char U+00B7 (decimal 183)
   defining Unicode char U+00B9 (decimal 185)
   defining Unicode char U+00BA (decimal 186)
   defining Unicode char U+00BC (decimal 188)
   defining Unicode char U+00BD (decimal 189)
   defining Unicode char U+00BE (decimal 190)
   defining Unicode char U+00D7 (decimal 215)
   defining Unicode char U+00F7 (decimal 247)
   defining Unicode char U+0192 (decimal 402)
   defining Unicode char U+02C7 (decimal 711)
   defining Unicode char U+02D8 (decimal 728)
   defining Unicode char U+02DD (decimal 733)
   defining Unicode char U+0E3F (decimal 3647)
   defining Unicode char U+2016 (decimal 8214)
   defining Unicode char U+2020 (decimal 8224)
   defining Unicode char U+2021 (decimal 8225)
   defining Unicode char U+2022 (decimal 8226)
   defining Unicode char U+2030 (decimal 8240)
   defining Unicode char U+2031 (decimal 8241)
   defining Unicode char U+203B (decimal 8251)
   defining Unicode char U+203D (decimal 8253)
   defining Unicode char U+2044 (decimal 8260)
   defining Unicode char U+204E (decimal 8270)
   defining Unicode char U+2052 (decimal 8274)
   defining Unicode char U+20A1 (decimal 8353)
   defining Unicode char U+20A4 (decimal 8356)
   defining Unicode char U+20A6 (decimal 8358)
   defining Unicode char U+20A9 (decimal 8361)
   defining Unicode char U+20AB (decimal 8363)
   defining Unicode char U+20AC (decimal 8364)
   defining Unicode char U+20B1 (decimal 8369)
   defining Unicode char U+2103 (decimal 8451)
   defining Unicode char U+2116 (decimal 8470)
   defining Unicode char U+2117 (decimal 8471)
   defining Unicode char U+211E (decimal 8478)
   defining Unicode char U+2120 (decimal 8480)
   defining Unicode char U+2122 (decimal 8482)
   defining Unicode char U+2126 (decimal 8486)
   defining Unicode char U+2127 (decimal 8487)
   defining Unicode char U+212E (decimal 8494)
   defining Unicode char U+2190 (decimal 8592)
   defining Unicode char U+2191 (decimal 8593)
   defining Unicode char U+2192 (decimal 8594)
   defining Unicode char U+2193 (decimal 8595)
   defining Unicode char U+2329 (decimal 9001)
   defining Unicode char U+232A (decimal 9002)
   defining Unicode char U+2422 (decimal 9250)
   defining Unicode char U+25E6 (decimal 9702)
   defining Unicode char U+25EF (decimal 9711)
   defining Unicode char U+266A (decimal 9834)
   defining Unicode char U+FEFF (decimal 65279)
)))
(/usr/local/texlive/2018/texmf-dist/tex/latex/base/inputenc.sty
Package: inputenc 2018/04/06 v1.3b Input encoding file
\inpenc@prehook=\toks16
\inpenc@posthook=\toks17
)
(/usr/local/texlive/2018/texmf-dist/tex/latex/amsmath/amsmath.sty
Package: amsmath 2017/09/02 v2.17a AMS math features
\@mathmargin=\skip72

For additional information on amsmath, use the `?' option.
(/usr/local/texlive/2018/texmf-dist/tex/latex/amsmath/amstext.sty
Package: amstext 2000/06/29 v2.01 AMS text

(/usr/local/texlive/2018/texmf-dist/tex/latex/amsmath/amsgen.sty
File: amsgen.sty 1999/11/30 v2.0 generic functions
\@emptytoks=\toks18
\ex@=\dimen114
))
(/usr/local/texlive/2018/texmf-dist/tex/latex/amsmath/amsbsy.sty
Package: amsbsy 1999/11/29 v1.2d Bold Symbols
\pmbraise@=\dimen115
)
(/usr/local/texlive/2018/texmf-dist/tex/latex/amsmath/amsopn.sty
Package: amsopn 2016/03/08 v2.02 operator names
)
\inf@bad=\count95
LaTeX Info: Redefining \frac on input line 213.
\uproot@=\count96
\leftroot@=\count97
LaTeX Info: Redefining \overline on input line 375.
\classnum@=\count98
\DOTSCASE@=\count99
LaTeX Info: Redefining \ldots on input line 472.
LaTeX Info: Redefining \dots on input line 475.
LaTeX Info: Redefining \cdots on input line 596.
\Mathstrutbox@=\box28
\strutbox@=\box29
\big@size=\dimen116
LaTeX Font Info:    Redeclaring font encoding OML on input line 712.
LaTeX Font Info:    Redeclaring font encoding OMS on input line 713.
\macc@depth=\count100
\c@MaxMatrixCols=\count101
\dotsspace@=\muskip10
\c@parentequation=\count102
\dspbrk@lvl=\count103
\tag@help=\toks19
\row@=\count104
\column@=\count105
\maxfields@=\count106
\andhelp@=\toks20
\eqnshift@=\dimen117
\alignsep@=\dimen118
\tagshift@=\dimen119
\tagwidth@=\dimen120
\totwidth@=\dimen121
\lineht@=\dimen122
\@envbody=\toks21
\multlinegap=\skip73
\multlinetaggap=\skip74
\mathdisplay@stack=\toks22
LaTeX Info: Redefining \[ on input line 2817.
LaTeX Info: Redefining \] on input line 2818.
)
(/usr/local/texlive/2018/texmf-dist/tex/latex/amsfonts/amsfonts.sty
Package: amsfonts 2013/01/14 v3.01 Basic AMSFonts support
\symAMSa=\mathgroup4
\symAMSb=\mathgroup5
LaTeX Font Info:    Overwriting math alphabet `\mathfrak' in version `bold'
(Font)                  U/euf/m/n --> U/euf/b/n on input line 106.
)
(/usr/local/texlive/2018/texmf-dist/tex/latex/amscls/amsthm.sty
Package: amsthm 2017/10/31 v2.20.4
\thm@style=\toks23
\thm@bodyfont=\toks24
\thm@headfont=\toks25
\thm@notefont=\toks26
\thm@headpunct=\toks27
\thm@preskip=\skip75
\thm@postskip=\skip76
\thm@headsep=\skip77
\dth@everypar=\toks28
)
(/usr/local/texlive/2018/texmf-dist/tex/latex/psnfss/mathptmx.sty
Package: mathptmx 2005/04/12 PSNFSS-v9.2a Times w/ Math, improved (SPQR, WaS) 
LaTeX Font Info:    Redeclaring symbol font `operators' on input line 28.
LaTeX Font Info:    Overwriting symbol font `operators' in version `normal'
(Font)                  OT1/cmr/m/n --> OT1/ztmcm/m/n on input line 28.
LaTeX Font Info:    Overwriting symbol font `operators' in version `bold'
(Font)                  OT1/cmr/bx/n --> OT1/ztmcm/m/n on input line 28.
LaTeX Font Info:    Redeclaring symbol font `letters' on input line 29.
LaTeX Font Info:    Overwriting symbol font `letters' in version `normal'
(Font)                  OML/cmm/m/it --> OML/ztmcm/m/it on input line 29.
LaTeX Font Info:    Overwriting symbol font `letters' in version `bold'
(Font)                  OML/cmm/b/it --> OML/ztmcm/m/it on input line 29.
LaTeX Font Info:    Redeclaring symbol font `symbols' on input line 30.
LaTeX Font Info:    Overwriting symbol font `symbols' in version `normal'
(Font)                  OMS/cmsy/m/n --> OMS/ztmcm/m/n on input line 30.
LaTeX Font Info:    Overwriting symbol font `symbols' in version `bold'
(Font)                  OMS/cmsy/b/n --> OMS/ztmcm/m/n on input line 30.
LaTeX Font Info:    Redeclaring symbol font `largesymbols' on input line 31.
LaTeX Font Info:    Overwriting symbol font `largesymbols' in version `normal'
(Font)                  OMX/cmex/m/n --> OMX/ztmcm/m/n on input line 31.
LaTeX Font Info:    Overwriting symbol font `largesymbols' in version `bold'
(Font)                  OMX/cmex/m/n --> OMX/ztmcm/m/n on input line 31.
\symbold=\mathgroup6
\symitalic=\mathgroup7
LaTeX Font Info:    Redeclaring math alphabet \mathbf on input line 34.
LaTeX Font Info:    Overwriting math alphabet `\mathbf' in version `normal'
(Font)                  OT1/cmr/bx/n --> OT1/ptm/bx/n on input line 34.
LaTeX Font Info:    Overwriting math alphabet `\mathbf' in version `bold'
(Font)                  OT1/cmr/bx/n --> OT1/ptm/bx/n on input line 34.
LaTeX Font Info:    Redeclaring math alphabet \mathit on input line 35.
LaTeX Font Info:    Overwriting math alphabet `\mathit' in version `normal'
(Font)                  OT1/cmr/m/it --> OT1/ptm/m/it on input line 35.
LaTeX Font Info:    Overwriting math alphabet `\mathit' in version `bold'
(Font)                  OT1/cmr/bx/it --> OT1/ptm/m/it on input line 35.
LaTeX Info: Redefining \hbar on input line 50.
)
(/usr/local/texlive/2018/texmf-dist/tex/latex/librebaskerville/librebaskerville
.sty
Package: librebaskerville 2012/12/01 (Bob Tennent) Supports LibreBaskerville fo
nts for all LaTeX engines. 
 (/usr/local/texlive/2018/texmf-dist/tex/generic/oberdiek/ifluatex.sty
Package: ifluatex 2016/05/16 v1.4 Provides the ifluatex switch (HO)
Package ifluatex Info: LuaTeX not detected.
)
(/usr/local/texlive/2018/texmf-dist/tex/latex/base/textcomp.sty
Package: textcomp 2017/04/05 v2.0i Standard LaTeX package
Package textcomp Info: Sub-encoding information:
(textcomp)               5 = only ISO-Adobe without \textcurrency
(textcomp)               4 = 5 + \texteuro
(textcomp)               3 = 4 + \textohm
(textcomp)               2 = 3 + \textestimated + \textcurrency
(textcomp)               1 = TS1 - \textcircled - \t
(textcomp)               0 = TS1 (full)
(textcomp)             Font families with sub-encoding setting implement
(textcomp)             only a restricted character set as indicated.
(textcomp)             Family '?' is the default used for unknown fonts.
(textcomp)             See the documentation for details.
Package textcomp Info: Setting ? sub-encoding to TS1/1 on input line 79.

(/usr/local/texlive/2018/texmf-dist/tex/latex/base/ts1enc.def
File: ts1enc.def 2001/06/05 v3.0e (jk/car/fm) Standard LaTeX file
LaTeX Font Info:    Redeclaring font encoding TS1 on input line 47.
)
LaTeX Info: Redefining \oldstylenums on input line 334.
Package textcomp Info: Setting cmr sub-encoding to TS1/0 on input line 349.
Package textcomp Info: Setting cmss sub-encoding to TS1/0 on input line 350.
Package textcomp Info: Setting cmtt sub-encoding to TS1/0 on input line 351.
Package textcomp Info: Setting cmvtt sub-encoding to TS1/0 on input line 352.
Package textcomp Info: Setting cmbr sub-encoding to TS1/0 on input line 353.
Package textcomp Info: Setting cmtl sub-encoding to TS1/0 on input line 354.
Package textcomp Info: Setting ccr sub-encoding to TS1/0 on input line 355.
Package textcomp Info: Setting ptm sub-encoding to TS1/4 on input line 356.
Package textcomp Info: Setting pcr sub-encoding to TS1/4 on input line 357.
Package textcomp Info: Setting phv sub-encoding to TS1/4 on input line 358.
Package textcomp Info: Setting ppl sub-encoding to TS1/3 on input line 359.
Package textcomp Info: Setting pag sub-encoding to TS1/4 on input line 360.
Package textcomp Info: Setting pbk sub-encoding to TS1/4 on input line 361.
Package textcomp Info: Setting pnc sub-encoding to TS1/4 on input line 362.
Package textcomp Info: Setting pzc sub-encoding to TS1/4 on input line 363.
Package textcomp Info: Setting bch sub-encoding to TS1/4 on input line 364.
Package textcomp Info: Setting put sub-encoding to TS1/5 on input line 365.
Package textcomp Info: Setting uag sub-encoding to TS1/5 on input line 366.
Package textcomp Info: Setting ugq sub-encoding to TS1/5 on input line 367.
Package textcomp Info: Setting ul8 sub-encoding to TS1/4 on input line 368.
Package textcomp Info: Setting ul9 sub-encoding to TS1/4 on input line 369.
Package textcomp Info: Setting augie sub-encoding to TS1/5 on input line 370.
Package textcomp Info: Setting dayrom sub-encoding to TS1/3 on input line 371.
Package textcomp Info: Setting dayroms sub-encoding to TS1/3 on input line 372.

Package textcomp Info: Setting pxr sub-encoding to TS1/0 on input line 373.
Package textcomp Info: Setting pxss sub-encoding to TS1/0 on input line 374.
Package textcomp Info: Setting pxtt sub-encoding to TS1/0 on input line 375.
Package textcomp Info: Setting txr sub-encoding to TS1/0 on input line 376.
Package textcomp Info: Setting txss sub-encoding to TS1/0 on input line 377.
Package textcomp Info: Setting txtt sub-encoding to TS1/0 on input line 378.
Package textcomp Info: Setting lmr sub-encoding to TS1/0 on input line 379.
Package textcomp Info: Setting lmdh sub-encoding to TS1/0 on input line 380.
Package textcomp Info: Setting lmss sub-encoding to TS1/0 on input line 381.
Package textcomp Info: Setting lmssq sub-encoding to TS1/0 on input line 382.
Package textcomp Info: Setting lmvtt sub-encoding to TS1/0 on input line 383.
Package textcomp Info: Setting lmtt sub-encoding to TS1/0 on input line 384.
Package textcomp Info: Setting qhv sub-encoding to TS1/0 on input line 385.
Package textcomp Info: Setting qag sub-encoding to TS1/0 on input line 386.
Package textcomp Info: Setting qbk sub-encoding to TS1/0 on input line 387.
Package textcomp Info: Setting qcr sub-encoding to TS1/0 on input line 388.
Package textcomp Info: Setting qcs sub-encoding to TS1/0 on input line 389.
Package textcomp Info: Setting qpl sub-encoding to TS1/0 on input line 390.
Package textcomp Info: Setting qtm sub-encoding to TS1/0 on input line 391.
Package textcomp Info: Setting qzc sub-encoding to TS1/0 on input line 392.
Package textcomp Info: Setting qhvc sub-encoding to TS1/0 on input line 393.
Package textcomp Info: Setting futs sub-encoding to TS1/4 on input line 394.
Package textcomp Info: Setting futx sub-encoding to TS1/4 on input line 395.
Package textcomp Info: Setting futj sub-encoding to TS1/4 on input line 396.
Package textcomp Info: Setting hlh sub-encoding to TS1/3 on input line 397.
Package textcomp Info: Setting hls sub-encoding to TS1/3 on input line 398.
Package textcomp Info: Setting hlst sub-encoding to TS1/3 on input line 399.
Package textcomp Info: Setting hlct sub-encoding to TS1/5 on input line 400.
Package textcomp Info: Setting hlx sub-encoding to TS1/5 on input line 401.
Package textcomp Info: Setting hlce sub-encoding to TS1/5 on input line 402.
Package textcomp Info: Setting hlcn sub-encoding to TS1/5 on input line 403.
Package textcomp Info: Setting hlcw sub-encoding to TS1/5 on input line 404.
Package textcomp Info: Setting hlcf sub-encoding to TS1/5 on input line 405.
Package textcomp Info: Setting pplx sub-encoding to TS1/3 on input line 406.
Package textcomp Info: Setting pplj sub-encoding to TS1/3 on input line 407.
Package textcomp Info: Setting ptmx sub-encoding to TS1/4 on input line 408.
Package textcomp Info: Setting ptmj sub-encoding to TS1/4 on input line 409.
)
(/usr/local/texlive/2018/texmf-dist/tex/latex/xkeyval/xkeyval.sty
Package: xkeyval 2014/12/03 v2.7a package option processing (HA)

(/usr/local/texlive/2018/texmf-dist/tex/generic/xkeyval/xkeyval.tex
(/usr/local/texlive/2018/texmf-dist/tex/generic/xkeyval/xkvutils.tex
\XKV@toks=\toks29
\XKV@tempa@toks=\toks30
)
\XKV@depth=\count107
File: xkeyval.tex 2014/12/03 v2.7a key=value parser (HA)
))
(/usr/local/texlive/2018/texmf-dist/tex/latex/base/fontenc.sty
Package: fontenc 2017/04/05 v2.0i Standard LaTeX package
)
(/usr/local/texlive/2018/texmf-dist/tex/latex/fontaxes/fontaxes.sty
Package: fontaxes 2014/03/23 v1.0d Font selection axes
LaTeX Info: Redefining \upshape on input line 29.
LaTeX Info: Redefining \itshape on input line 31.
LaTeX Info: Redefining \slshape on input line 33.
LaTeX Info: Redefining \scshape on input line 37.
))
(/usr/local/texlive/2018/texmf-dist/tex/latex/base/fontenc.sty
Package: fontenc 2017/04/05 v2.0i Standard LaTeX package

(/usr/local/texlive/2018/texmf-dist/tex/latex/base/t1enc.def
File: t1enc.def 2017/04/05 v2.0i Standard LaTeX file
LaTeX Font Info:    Redeclaring font encoding T1 on input line 48.
))
(/usr/local/texlive/2018/texmf-dist/tex/latex/montserrat/montserrat.sty
Package: montserrat 2017/02/26 v1.01

`montserrat' v1.01, 2017/02/26 Style file for Montserrat and Alternates (msharp
e) (/usr/local/texlive/2018/texmf-dist/tex/latex/base/fontenc.sty
Package: fontenc 2017/04/05 v2.0i Standard LaTeX package

(/usr/local/texlive/2018/texmf-dist/tex/latex/ly1/ly1enc.def
File: ly1enc.def 2009/07/22 v0.7 TeX 'n ANSI encoding (DPC/KB)
Now handling font encoding LY1 ...
... processing UTF-8 mapping file for font encoding LY1

(/usr/local/texlive/2018/texmf-dist/tex/latex/base/ly1enc.dfu
File: ly1enc.dfu 2018/04/05 v1.2c UTF-8 support for inputenc
   defining Unicode char U+00A0 (decimal 160)
   defining Unicode char U+00A1 (decimal 161)
   defining Unicode char U+00A2 (decimal 162)
   defining Unicode char U+00A3 (decimal 163)
   defining Unicode char U+00A4 (decimal 164)
   defining Unicode char U+00A5 (decimal 165)
   defining Unicode char U+00A6 (decimal 166)
   defining Unicode char U+00A7 (decimal 167)
   defining Unicode char U+00AA (decimal 170)
   defining Unicode char U+00AB (decimal 171)
   defining Unicode char U+00AD (decimal 173)
   defining Unicode char U+00AE (decimal 174)
   defining Unicode char U+00B0 (decimal 176)
   defining Unicode char U+00B5 (decimal 181)
   defining Unicode char U+00B6 (decimal 182)
   defining Unicode char U+00B7 (decimal 183)
   defining Unicode char U+00BA (decimal 186)
   defining Unicode char U+00BB (decimal 187)
   defining Unicode char U+00BC (decimal 188)
   defining Unicode char U+00BD (decimal 189)
   defining Unicode char U+00BE (decimal 190)
   defining Unicode char U+00BF (decimal 191)
   defining Unicode char U+00C0 (decimal 192)
   defining Unicode char U+00C1 (decimal 193)
   defining Unicode char U+00C2 (decimal 194)
   defining Unicode char U+00C3 (decimal 195)
   defining Unicode char U+00C4 (decimal 196)
   defining Unicode char U+00C5 (decimal 197)
   defining Unicode char U+00C6 (decimal 198)
   defining Unicode char U+00C7 (decimal 199)
   defining Unicode char U+00C8 (decimal 200)
   defining Unicode char U+00C9 (decimal 201)
   defining Unicode char U+00CA (decimal 202)
   defining Unicode char U+00CB (decimal 203)
   defining Unicode char U+00CC (decimal 204)
   defining Unicode char U+00CD (decimal 205)
   defining Unicode char U+00CE (decimal 206)
   defining Unicode char U+00CF (decimal 207)
   defining Unicode char U+00D0 (decimal 208)
   defining Unicode char U+00D1 (decimal 209)
   defining Unicode char U+00D2 (decimal 210)
   defining Unicode char U+00D3 (decimal 211)
   defining Unicode char U+00D4 (decimal 212)
   defining Unicode char U+00D5 (decimal 213)
   defining Unicode char U+00D6 (decimal 214)
   defining Unicode char U+00D8 (decimal 216)
   defining Unicode char U+00D9 (decimal 217)
   defining Unicode char U+00DA (decimal 218)
   defining Unicode char U+00DB (decimal 219)
   defining Unicode char U+00DC (decimal 220)
   defining Unicode char U+00DD (decimal 221)
   defining Unicode char U+00DE (decimal 222)
   defining Unicode char U+00DF (decimal 223)
   defining Unicode char U+00E0 (decimal 224)
   defining Unicode char U+00E1 (decimal 225)
   defining Unicode char U+00E2 (decimal 226)
   defining Unicode char U+00E3 (decimal 227)
   defining Unicode char U+00E4 (decimal 228)
   defining Unicode char U+00E5 (decimal 229)
   defining Unicode char U+00E6 (decimal 230)
   defining Unicode char U+00E7 (decimal 231)
   defining Unicode char U+00E8 (decimal 232)
   defining Unicode char U+00E9 (decimal 233)
   defining Unicode char U+00EA (decimal 234)
   defining Unicode char U+00EB (decimal 235)
   defining Unicode char U+00EC (decimal 236)
   defining Unicode char U+00ED (decimal 237)
   defining Unicode char U+00EE (decimal 238)
   defining Unicode char U+00EF (decimal 239)
   defining Unicode char U+00F0 (decimal 240)
   defining Unicode char U+00F1 (decimal 241)
   defining Unicode char U+00F2 (decimal 242)
   defining Unicode char U+00F3 (decimal 243)
   defining Unicode char U+00F4 (decimal 244)
   defining Unicode char U+00F5 (decimal 245)
   defining Unicode char U+00F6 (decimal 246)
   defining Unicode char U+00F8 (decimal 248)
   defining Unicode char U+00F9 (decimal 249)
   defining Unicode char U+00FA (decimal 250)
   defining Unicode char U+00FB (decimal 251)
   defining Unicode char U+00FC (decimal 252)
   defining Unicode char U+00FD (decimal 253)
   defining Unicode char U+00FE (decimal 254)
   defining Unicode char U+00FF (decimal 255)
   defining Unicode char U+0131 (decimal 305)
   defining Unicode char U+0141 (decimal 321)
   defining Unicode char U+0142 (decimal 322)
   defining Unicode char U+0152 (decimal 338)
   defining Unicode char U+0153 (decimal 339)
   defining Unicode char U+0160 (decimal 352)
   defining Unicode char U+0161 (decimal 353)
   defining Unicode char U+0174 (decimal 372)
   defining Unicode char U+0175 (decimal 373)
   defining Unicode char U+0176 (decimal 374)
   defining Unicode char U+0177 (decimal 375)
   defining Unicode char U+0178 (decimal 376)
   defining Unicode char U+017D (decimal 381)
   defining Unicode char U+017E (decimal 382)
   defining Unicode char U+0192 (decimal 402)
   defining Unicode char U+0218 (decimal 536)
   defining Unicode char U+0219 (decimal 537)
   defining Unicode char U+021A (decimal 538)
   defining Unicode char U+021B (decimal 539)
   defining Unicode char U+02C6 (decimal 710)
   defining Unicode char U+02DC (decimal 732)
   defining Unicode char U+2013 (decimal 8211)
   defining Unicode char U+2014 (decimal 8212)
   defining Unicode char U+201C (decimal 8220)
   defining Unicode char U+201D (decimal 8221)
   defining Unicode char U+2020 (decimal 8224)
   defining Unicode char U+2021 (decimal 8225)
   defining Unicode char U+2022 (decimal 8226)
   defining Unicode char U+2026 (decimal 8230)
   defining Unicode char U+2030 (decimal 8240)
   defining Unicode char U+2039 (decimal 8249)
   defining Unicode char U+203A (decimal 8250)
   defining Unicode char U+2122 (decimal 8482)
))
(/usr/local/texlive/2018/texmf-dist/tex/latex/base/t1enc.def
File: t1enc.def 2017/04/05 v2.0i Standard LaTeX file
LaTeX Font Info:    Redeclaring font encoding T1 on input line 48.
)
LaTeX Font Info:    Try loading font information for T1+ptm on input line 105.

(/usr/local/texlive/2018/texmf-dist/tex/latex/psnfss/t1ptm.fd
File: t1ptm.fd 2001/06/04 font definitions for T1/ptm.
))
(/usr/local/texlive/2018/texmf-dist/tex/latex/mweights/mweights.sty
Package: mweights 2017/03/30 (Bob Tennent) Support package for multiple-weight 
font packages. 
LaTeX Info: Redefining \bfseries on input line 22.
LaTeX Info: Redefining \mdseries on input line 30.
LaTeX Info: Redefining \rmfamily on input line 38.
LaTeX Info: Redefining \sffamily on input line 66.
LaTeX Info: Redefining \ttfamily on input line 94.
)
LaTeX Info: Redefining \textsu on input line 42.
)
(/usr/local/texlive/2018/texmf-dist/tex/latex/float/float.sty
Package: float 2001/11/08 v1.3d Float enhancements (AL)
\c@float@type=\count108
\float@exts=\toks31
\float@box=\box30
\@float@everytoks=\toks32
\@floatcapt=\box31
)
(/usr/local/texlive/2018/texmf-dist/tex/latex/microtype/microtype.sty
Package: microtype 2018/01/14 v2.7a Micro-typographical refinements (RS)
\MT@toks=\toks33
\MT@count=\count109
LaTeX Info: Redefining \textls on input line 793.
\MT@outer@kern=\dimen123
LaTeX Info: Redefining \textmicrotypecontext on input line 1339.
\MT@listname@count=\count110

(/usr/local/texlive/2018/texmf-dist/tex/latex/microtype/microtype-pdftex.def
File: microtype-pdftex.def 2018/01/14 v2.7a Definitions specific to pdftex (RS)

LaTeX Info: Redefining \lsstyle on input line 913.
LaTeX Info: Redefining \lslig on input line 913.
\MT@outer@space=\skip78
)
Package microtype Info: Loading configuration file microtype.cfg.

(/usr/local/texlive/2018/texmf-dist/tex/latex/microtype/microtype.cfg
File: microtype.cfg 2018/01/14 v2.7a microtype main configuration file (RS)
))
(/usr/local/texlive/2018/texmf-dist/tex/latex/tocloft/tocloft.sty
Package: tocloft 2017/08/31 v2.3i parameterised ToC, etc., typesetting
Package tocloft Info: The document has chapter divisions on input line 51.
\cftparskip=\skip79
\cftbeforetoctitleskip=\skip80
\cftaftertoctitleskip=\skip81
\cftbeforepartskip=\skip82
\cftpartnumwidth=\skip83
\cftpartindent=\skip84
\cftbeforechapskip=\skip85
\cftchapindent=\skip86
\cftchapnumwidth=\skip87
\cftbeforesecskip=\skip88
\cftsecindent=\skip89
\cftsecnumwidth=\skip90
\cftbeforesubsecskip=\skip91
\cftsubsecindent=\skip92
\cftsubsecnumwidth=\skip93
\cftbeforesubsubsecskip=\skip94
\cftsubsubsecindent=\skip95
\cftsubsubsecnumwidth=\skip96
\cftbeforeparaskip=\skip97
\cftparaindent=\skip98
\cftparanumwidth=\skip99
\cftbeforesubparaskip=\skip100
\cftsubparaindent=\skip101
\cftsubparanumwidth=\skip102
\cftbeforeloftitleskip=\skip103
\cftafterloftitleskip=\skip104
\cftbeforefigskip=\skip105
\cftfigindent=\skip106
\cftfignumwidth=\skip107
\c@lofdepth=\count111
\c@lotdepth=\count112
\cftbeforelottitleskip=\skip108
\cftafterlottitleskip=\skip109
\cftbeforetabskip=\skip110
\cfttabindent=\skip111
\cfttabnumwidth=\skip112
)
(/usr/local/texlive/2018/texmf-dist/tex/latex/lettrine/lettrine.sty
File: lettrine.sty 2015/08/31 v1.9 (Daniel Flipo)
\c@DefaultLines=\count113
\c@DefaultDepth=\count114
\DefaultFindent=\dimen124
\DefaultNindent=\dimen125
\DefaultSlope=\dimen126
\DiscardVskip=\dimen127
\L@lbox=\box32
\L@tbox=\box33
\c@L@lines=\count115
\c@L@depth=\count116
\L@Pindent=\dimen128
\L@Findent=\dimen129
\L@Nindent=\dimen130
\L@lraise=\dimen131
\L@first=\dimen132
\L@next=\dimen133
\L@slope=\dimen134
\L@height=\dimen135
\L@novskip=\dimen136
\LettrineWidth=\dimen137
\LettrineHeight=\dimen138
\LettrineDepth=\dimen139

Loading lettrine.cfg
(/usr/local/texlive/2018/texmf-dist/tex/latex/lettrine/lettrine.cfg))
(/usr/local/texlive/2018/texmf-dist/tex/latex/koma-script/scrlayer-scrpage.sty
Package: scrlayer-scrpage 2018/03/30 v3.25 KOMA-Script package (end user interf
ace for scrlayer)

(/usr/local/texlive/2018/texmf-dist/tex/latex/koma-script/scrlayer.sty
Package: scrlayer 2018/03/30 v3.25 KOMA-Script package (defining layers and pag
e styles)
Package scrlayer Info: Using already defined \footheight
(scrlayer)             hoping, that this is a length and
(scrlayer)             not only a macro on input line 109.
Package scrlayer Info: patching LaTeX kernel macro \pagestyle on input line 199
7.
)
Package scrlayer-scrpage Info: Makeing stand-alone element `pagehead' from
(scrlayer-scrpage)             alias to `pageheadfoot' on input line 1241.
Package scrlayer-scrpage Info: deactivating warning for font element
(scrlayer-scrpage)             `pagefoot' on input line 1268.
)
Package scrlayer-scrpage Info: auto-selection of `pagestyleset=KOMA-Script'.
)
(/usr/local/texlive/2018/texmf-dist/tex/latex/blindtext/blindtext.sty
Package: blindtext 2012/01/06 V2.0 blindtext-Package

(/usr/local/texlive/2018/texmf-dist/tex/latex/tools/xspace.sty
Package: xspace 2014/10/28 v1.13 Space after command names (DPC,MH)
)
\c@blindtext=\count117
\c@Blindtext=\count118
\c@blind@countparstart=\count119
\blind@countxx=\count120
\blindtext@numBlindtext=\count121
\blind@countyy=\count122
\c@blindlist=\count123
\c@blindlistlevel=\count124
\c@blindlist@level=\count125
\blind@listitem=\count126
\c@blind@listcount=\count127
\c@blind@levelcount=\count128
\blind@mathformula=\count129
\blind@Mathformula=\count130
\c@blind@randomcount=\count131
\c@blind@randommax=\count132
\c@blind@pangramcount=\count133
\c@blind@pangrammax=\count134
)
(/usr/local/texlive/2018/texmf-dist/tex/latex/lipsum/lipsum.sty
Package: lipsum 2014/07/27 v1.3 150 paragraphs of Lorem Ipsum dummy text
\c@lips@count=\count135
)
(/usr/local/texlive/2018/texmf-dist/tex/latex/oberdiek/epstopdf.sty
Package: epstopdf 2016/05/15 v2.6 Conversion with epstopdf on the fly (HO)

(/usr/local/texlive/2018/texmf-dist/tex/latex/oberdiek/epstopdf-base.sty
Package: epstopdf-base 2016/05/15 v2.6 Base part for package epstopdf

(/usr/local/texlive/2018/texmf-dist/tex/generic/oberdiek/infwarerr.sty
Package: infwarerr 2016/05/16 v1.4 Providing info/warning/error messages (HO)
)
(/usr/local/texlive/2018/texmf-dist/tex/latex/oberdiek/grfext.sty
Package: grfext 2016/05/16 v1.2 Manage graphics extensions (HO)

(/usr/local/texlive/2018/texmf-dist/tex/generic/oberdiek/kvdefinekeys.sty
Package: kvdefinekeys 2016/05/16 v1.4 Define keys (HO)

(/usr/local/texlive/2018/texmf-dist/tex/generic/oberdiek/ltxcmds.sty
Package: ltxcmds 2016/05/16 v1.23 LaTeX kernel commands for general use (HO)
)))
(/usr/local/texlive/2018/texmf-dist/tex/latex/oberdiek/kvoptions.sty
Package: kvoptions 2016/05/16 v3.12 Key value format for package options (HO)

(/usr/local/texlive/2018/texmf-dist/tex/generic/oberdiek/kvsetkeys.sty
Package: kvsetkeys 2016/05/16 v1.17 Key value parser (HO)

(/usr/local/texlive/2018/texmf-dist/tex/generic/oberdiek/etexcmds.sty
Package: etexcmds 2016/05/16 v1.6 Avoid name clashes with e-TeX commands (HO)
Package etexcmds Info: Could not find \expanded.
(etexcmds)             That can mean that you are not using pdfTeX 1.50 or
(etexcmds)             that some package has redefined \expanded.
(etexcmds)             In the latter case, load this package earlier.
)))
(/usr/local/texlive/2018/texmf-dist/tex/generic/oberdiek/pdftexcmds.sty
Package: pdftexcmds 2018/01/30 v0.27 Utility functions of pdfTeX for LuaTeX (HO
)
Package pdftexcmds Info: LuaTeX not detected.
Package pdftexcmds Info: \pdf@primitive is available.
Package pdftexcmds Info: \pdf@ifprimitive is available.
Package pdftexcmds Info: \pdfdraftmode found.
)
Package epstopdf-base Info: Redefining graphics rule for `.eps' on input line 4
38.
Package grfext Info: Graphics extension search list:
(grfext)             [.pdf,.png,.jpg,.mps,.jpeg,.jbig2,.jb2,.PDF,.PNG,.JPG,.JPE
G,.JBIG2,.JB2,.eps]
(grfext)             \AppendGraphicsExtensions on input line 456.

(/usr/local/texlive/2018/texmf-dist/tex/latex/latexconfig/epstopdf-sys.cfg
File: epstopdf-sys.cfg 2010/07/13 v1.3 Configuration of (r)epstopdf for TeX Liv
e
)))

Class scrreprt Warning: Usage of package `titlesec' together
(scrreprt)              with a KOMA-Script class is not recommended.
(scrreprt)              I'd suggest to use the package only
(scrreprt)              if you really need it, because it breaks several
(scrreprt)              KOMA-Script features, i.e., option `headings' and
(scrreprt)              the extended optional argument of the section
(scrreprt)              commands.
(scrreprt)              Nevertheless, using requested
(scrreprt)              package `titlesec' on input line 17.

(/usr/local/texlive/2018/texmf-dist/tex/latex/titlesec/titlesec.sty
Package: titlesec 2016/03/21 v2.10.2 Sectioning titles
\ttl@box=\box34
\beforetitleunit=\skip113
\aftertitleunit=\skip114
\ttl@plus=\dimen140
\ttl@minus=\dimen141
\ttl@toksa=\toks34
\titlewidth=\dimen142
\titlewidthlast=\dimen143
\titlewidthfirst=\dimen144


Package titlesec Warning: Non standard sectioning command detected
(titlesec)                Using default spacing and no format.


Package titlesec Warning: Non standard sectioning command detected
(titlesec)                Using default spacing and no format.


Package titlesec Warning: Non standard sectioning command detected
(titlesec)                Using default spacing and no format.


Package titlesec Warning: Non standard sectioning command detected
(titlesec)                Using default spacing and no format.


Package titlesec Warning: Non standard sectioning command detected
(titlesec)                Using default spacing and no format.

)

Class scrreprt Warning: Activating an ugly workaround for a missing
(scrreprt)              feature of package `titlesec` on input line 17.

(/usr/local/texlive/2018/texmf-dist/tex/latex/hyperref/hyperref.sty
Package: hyperref 2018/02/06 v6.86b Hypertext links for LaTeX

(/usr/local/texlive/2018/texmf-dist/tex/generic/oberdiek/hobsub-hyperref.sty
Package: hobsub-hyperref 2016/05/16 v1.14 Bundle oberdiek, subset hyperref (HO)


(/usr/local/texlive/2018/texmf-dist/tex/generic/oberdiek/hobsub-generic.sty
Package: hobsub-generic 2016/05/16 v1.14 Bundle oberdiek, subset generic (HO)
Package: hobsub 2016/05/16 v1.14 Construct package bundles (HO)
Package hobsub Info: Skipping package `infwarerr' (already loaded).
Package hobsub Info: Skipping package `ltxcmds' (already loaded).
Package hobsub Info: Skipping package `ifluatex' (already loaded).
Package hobsub Info: Skipping package `ifvtex' (already loaded).
Package: intcalc 2016/05/16 v1.2 Expandable calculations with integers (HO)
Package hobsub Info: Skipping package `ifpdf' (already loaded).
Package hobsub Info: Skipping package `etexcmds' (already loaded).
Package hobsub Info: Skipping package `kvsetkeys' (already loaded).
Package hobsub Info: Skipping package `kvdefinekeys' (already loaded).
Package hobsub Info: Skipping package `pdftexcmds' (already loaded).
Package: pdfescape 2016/05/16 v1.14 Implements pdfTeX's escape features (HO)
Package: bigintcalc 2016/05/16 v1.4 Expandable calculations on big integers (HO
)
Package: bitset 2016/05/16 v1.2 Handle bit-vector datatype (HO)
Package: uniquecounter 2016/05/16 v1.3 Provide unlimited unique counter (HO)
)
Package hobsub Info: Skipping package `hobsub' (already loaded).
Package: letltxmacro 2016/05/16 v1.5 Let assignment for LaTeX macros (HO)
Package: hopatch 2016/05/16 v1.3 Wrapper for package hooks (HO)
Package: xcolor-patch 2016/05/16 xcolor patch
Package: atveryend 2016/05/16 v1.9 Hooks at the very end of document (HO)
Package atveryend Info: \enddocument detected (standard20110627).
Package: atbegshi 2016/06/09 v1.18 At begin shipout hook (HO)
Package: refcount 2016/05/16 v3.5 Data extraction from label references (HO)
Package: hycolor 2016/05/16 v1.8 Color options for hyperref/bookmark (HO)
)
(/usr/local/texlive/2018/texmf-dist/tex/latex/oberdiek/auxhook.sty
Package: auxhook 2016/05/16 v1.4 Hooks for auxiliary files (HO)
)
\@linkdim=\dimen145
\Hy@linkcounter=\count136
\Hy@pagecounter=\count137

(/usr/local/texlive/2018/texmf-dist/tex/latex/hyperref/pd1enc.def
File: pd1enc.def 2018/02/06 v6.86b Hyperref: PDFDocEncoding definition (HO)
Now handling font encoding PD1 ...
... no UTF-8 mapping file for font encoding PD1
)
\Hy@SavedSpaceFactor=\count138

(/usr/local/texlive/2018/texmf-dist/tex/latex/latexconfig/hyperref.cfg
File: hyperref.cfg 2002/06/06 v1.2 hyperref configuration of TeXLive
)
Package hyperref Info: Option `pdfa' set `true' on input line 4383.
Package hyperref Info: Option `breaklinks' set `true' on input line 4383.
Package hyperref Info: Option `colorlinks' set `true' on input line 4383.
Package hyperref Info: Hyper figures OFF on input line 4509.
Package hyperref Info: Link nesting OFF on input line 4514.
Package hyperref Info: Hyper index ON on input line 4517.
Package hyperref Info: Plain pages OFF on input line 4524.
Package hyperref Info: Backreferencing OFF on input line 4529.
Package hyperref Info: Implicit mode ON; LaTeX internals redefined.
Package hyperref Info: Bookmarks ON on input line 4762.
\c@Hy@tempcnt=\count139

(/usr/local/texlive/2018/texmf-dist/tex/latex/url/url.sty
\Urlmuskip=\muskip11
Package: url 2013/09/16  ver 3.4  Verb mode for urls, etc.
)
LaTeX Info: Redefining \url on input line 5115.
\XeTeXLinkMargin=\dimen146
\Fld@menulength=\count140
\Field@Width=\dimen147
\Fld@charsize=\dimen148
Package hyperref Info: Hyper figures OFF on input line 6369.
Package hyperref Info: Link nesting OFF on input line 6374.
Package hyperref Info: Hyper index ON on input line 6377.
Package hyperref Info: backreferencing OFF on input line 6384.
Package hyperref Info: Link coloring ON on input line 6387.
Package hyperref Info: Link coloring with OCG OFF on input line 6394.
Package hyperref Info: PDF/A mode ON on input line 6397.
LaTeX Info: Redefining \ref on input line 6439.
LaTeX Info: Redefining \pageref on input line 6443.
\Hy@abspage=\count141
\c@Item=\count142
\c@Hfootnote=\count143
)
Package hyperref Info: Driver (autodetected): hpdftex.

(/usr/local/texlive/2018/texmf-dist/tex/latex/hyperref/hpdftex.def
File: hpdftex.def 2018/02/06 v6.86b Hyperref driver for pdfTeX
\Fld@listcount=\count144
\c@bookmark@seq@number=\count145

(/usr/local/texlive/2018/texmf-dist/tex/latex/oberdiek/rerunfilecheck.sty
Package: rerunfilecheck 2016/05/16 v1.8 Rerun checks for auxiliary files (HO)
Package uniquecounter Info: New unique counter `rerunfilecheck' on input line 2
82.
)
\Hy@SectionHShift=\skip115
)
(./new_annales.aux (./intro/about-the-roosevelt-club_final.aux)
(./intro/letter-from-the-editor_final.aux)
(./long_reads/in-defence-of-giving-foreigners-our-tax-money_final.aux)
(./long_reads/the-moral-responsibility-in-foreign-aid_final.aux)
(./long_reads/the-most-powerful-climate-lie_final.aux)
(./quick_takes/cannabis-legalisation_final.aux)
(./quick_takes/designer-babies_final.aux)
(./quick_takes/the-ethics-of-self-driving-cars_final.aux)
(./reviews/hit-refresh_final.aux) (./reviews/natural-capital_final.aux)
(./reviews/spaces-of-aid_final.aux) (./reviews/the-name-of-the-rose_final.aux)
(./closing/letter-from-the-president_final.aux))
\openout1 = `new_annales.aux'.

LaTeX Font Info:    Checking defaults for OML/cmm/m/it on input line 31.
LaTeX Font Info:    ... okay on input line 31.
LaTeX Font Info:    Checking defaults for T1/cmr/m/n on input line 31.
LaTeX Font Info:    ... okay on input line 31.
LaTeX Font Info:    Checking defaults for OT1/cmr/m/n on input line 31.
LaTeX Font Info:    ... okay on input line 31.
LaTeX Font Info:    Checking defaults for OMS/cmsy/m/n on input line 31.
LaTeX Font Info:    ... okay on input line 31.
LaTeX Font Info:    Checking defaults for OMX/cmex/m/n on input line 31.
LaTeX Font Info:    ... okay on input line 31.
LaTeX Font Info:    Checking defaults for U/cmr/m/n on input line 31.
LaTeX Font Info:    ... okay on input line 31.
LaTeX Font Info:    Checking defaults for TS1/cmr/m/n on input line 31.
LaTeX Font Info:    ... okay on input line 31.
LaTeX Font Info:    Checking defaults for LY1/ptm/m/n on input line 31.
LaTeX Font Info:    Try loading font information for LY1+ptm on input line 31.

(/usr/local/texlive/2018/texmf-dist/tex/latex/ly1/ly1ptm.fd
File: ly1ptm.fd 2001/02/01 font definitions for LY1/ptm using Berry names.
)
LaTeX Font Info:    ... okay on input line 31.
LaTeX Font Info:    Checking defaults for PD1/pdf/m/n on input line 31.
LaTeX Font Info:    ... okay on input line 31.
LaTeX Font Info:    Try loading font information for T1+LibreBaskerville-TLF on
 input line 31.

(/usr/local/texlive/2018/texmf-dist/tex/latex/librebaskerville/T1LibreBaskervil
le-TLF.fd
File: T1LibreBaskerville-TLF.fd 2012/12/01 (autoinst) Font definitions for T1/L
ibreBaskerville-TLF.
)
LaTeX Font Info:    Font shape `T1/LibreBaskerville-TLF/m/n' will be
(Font)              scaled to size 12.0pt on input line 31.

(/usr/local/texlive/2018/texmf-dist/tex/context/base/mkii/supp-pdf.mkii
[Loading MPS to PDF converter (version 2006.09.02).]
\scratchcounter=\count146
\scratchdimen=\dimen149
\scratchbox=\box35
\nofMPsegments=\count147
\nofMParguments=\count148
\everyMPshowfont=\toks35
\MPscratchCnt=\count149
\MPscratchDim=\dimen150
\MPnumerator=\count150
\makeMPintoPDFobject=\count151
\everyMPtoPDFconversion=\toks36
) ABD: EverySelectfont initializing macros
LaTeX Info: Redefining \selectfont on input line 31.

*geometry* driver: auto-detecting
*geometry* detected driver: pdftex
*geometry* verbose mode - [ preamble ] result:
* driver: pdftex
* paper: <default>
* layout: <same size as paper>
* layoutoffset:(h,v)=(0.0pt,0.0pt)
* modes: twoside 
* h-part:(L,W,R)=(99.58464pt, 426.79141pt, 71.13188pt)
* v-part:(T,H,B)=(99.58464pt, 645.87766pt, 99.58464pt)
* \paperwidth=597.50793pt
* \paperheight=845.04694pt
* \textwidth=426.79141pt
* \textheight=645.87766pt
* \oddsidemargin=27.31465pt
* \evensidemargin=-1.1381pt
* \topmargin=-12.56035pt
* \headheight=18.125pt
* \headsep=21.75pt
* \topskip=12.0pt
* \footskip=50.75pt
* \marginparwidth=74.68849pt
* \marginparsep=12.8401pt
* \columnsep=28.45274pt
* \skip\footins=10.8pt plus 4.0pt minus 2.0pt
* \hoffset=0.0pt
* \voffset=0.0pt
* \mag=1000
* \@twocolumntrue
* \@twosidetrue
* \@mparswitchtrue
* \@reversemarginfalse
* (1in=72.27pt=25.4mm, 1cm=28.453pt)

\c@mv@tabular=\count152
\c@mv@boldtabular=\count153
LaTeX Info: Redefining \microtypecontext on input line 31.
Package microtype Info: Generating PDF output.
Package microtype Info: Character protrusion enabled (level 2).
Package microtype Info: Using default protrusion set `alltext'.
Package microtype Info: Automatic font expansion enabled (level 2),
(microtype)             stretch: 20, shrink: 20, step: 1, non-selected.
Package microtype Info: Using default expansion set `basictext'.
Package microtype Info: No adjustment of tracking.
Package microtype Info: No adjustment of interword spacing.
Package microtype Info: No adjustment of character kerning.
Package microtype Info: Loading generic protrusion settings for font family
(microtype)             `LibreBaskerville-TLF' (encoding: T1).
(microtype)             For optimal results, create family-specific settings.
(microtype)             See the microtype manual for details.
\AtBeginShipoutBox=\box36
Package hyperref Info: Link coloring ON on input line 31.
(/usr/local/texlive/2018/texmf-dist/tex/latex/hyperref/nameref.sty
Package: nameref 2016/05/21 v2.44 Cross-referencing by name of section

(/usr/local/texlive/2018/texmf-dist/tex/generic/oberdiek/gettitlestring.sty
Package: gettitlestring 2016/05/16 v1.5 Cleanup title references (HO)
)
\c@section@level=\count154
)
LaTeX Info: Redefining \ref on input line 31.
LaTeX Info: Redefining \pageref on input line 31.
LaTeX Info: Redefining \nameref on input line 31.

(./new_annales.out) (./new_annales.out)
\@outlinefile=\write3
\openout3 = `new_annales.out'.

LaTeX Font Info:    Try loading font information for T1+librebaskerville on inp
ut line 45.
LaTeX Font Info:    No file T1librebaskerville.fd. on input line 45.


LaTeX Font Warning: Font shape `T1/librebaskerville/bfseries/n' undefined
(Font)              using `T1/cmr/m/n' instead on input line 45.

(/usr/local/texlive/2018/texmf-dist/tex/latex/microtype/mt-cmr.cfg
File: mt-cmr.cfg 2013/05/19 v2.2 microtype config. file: Computer Modern Roman 
(RS)
)
LaTeX Font Info:    Font shape `T1/LibreBaskerville-TLF/m/n' will be
(Font)              scaled to size 85.0pt on input line 45.
LaTeX Font Info:    Try loading font information for T1+qhv on input line 45.

(/usr/local/texlive/2018/texmf-dist/tex/latex/tex-gyre/t1qhv.fd
File: t1qhv.fd 2009/09/25 v1.2 font definition file for T1/qhv
)
Package microtype Info: Loading generic protrusion settings for font family
(microtype)             `qhv' (encoding: T1).
(microtype)             For optimal results, create family-specific settings.
(microtype)             See the microtype manual for details.
LaTeX Font Info:    Font shape `T1/LibreBaskerville-TLF/m/n' will be
(Font)              scaled to size 30.0pt on input line 45.
<logo.png, id=76, 744.7825pt x 617.30624pt>
File: logo.png Graphic file (type png)
<use logo.png>
Package pdftex.def Info: logo.png  used on input line 45.
(pdftex.def)             Requested size: 139.95322pt x 116.0pt.

Overfull \hbox (11.9145pt too wide) in paragraph at lines 45--45
[][] 
 []

LaTeX Font Info:    Calculating math sizes for size <30> on input line 45.
LaTeX Font Info:    Try loading font information for OT1+ztmcm on input line 45
.
(/usr/local/texlive/2018/texmf-dist/tex/latex/psnfss/ot1ztmcm.fd
File: ot1ztmcm.fd 2000/01/03 Fontinst v1.801 font definitions for OT1/ztmcm.
)
Package microtype Info: Loading generic protrusion settings for font family
(microtype)             `ztmcm' (encoding: OT1).
(microtype)             For optimal results, create family-specific settings.
(microtype)             See the microtype manual for details.
LaTeX Font Info:    Try loading font information for OML+ztmcm on input line 45
.

(/usr/local/texlive/2018/texmf-dist/tex/latex/psnfss/omlztmcm.fd
File: omlztmcm.fd 2000/01/03 Fontinst v1.801 font definitions for OML/ztmcm.
)
LaTeX Font Info:    Try loading font information for OMS+ztmcm on input line 45
.

(/usr/local/texlive/2018/texmf-dist/tex/latex/psnfss/omsztmcm.fd
File: omsztmcm.fd 2000/01/03 Fontinst v1.801 font definitions for OMS/ztmcm.
)
LaTeX Font Info:    Try loading font information for OMX+ztmcm on input line 45
.

(/usr/local/texlive/2018/texmf-dist/tex/latex/psnfss/omxztmcm.fd
File: omxztmcm.fd 2000/01/03 Fontinst v1.801 font definitions for OMX/ztmcm.
)
(/usr/local/texlive/2018/texmf-dist/tex/latex/microtype/mt-msa.cfg
File: mt-msa.cfg 2006/02/04 v1.1 microtype config. file: AMS symbols (a) (RS)
)
(/usr/local/texlive/2018/texmf-dist/tex/latex/microtype/mt-msb.cfg
File: mt-msb.cfg 2005/06/01 v1.0 microtype config. file: AMS symbols (b) (RS)
)
LaTeX Font Info:    Try loading font information for OT1+ptm on input line 45.

(/usr/local/texlive/2018/texmf-dist/tex/latex/psnfss/ot1ptm.fd
File: ot1ptm.fd 2001/06/04 font definitions for OT1/ptm.
)
LaTeX Font Info:    Font shape `OT1/ptm/bx/n' in size <30> not available
(Font)              Font shape `OT1/ptm/b/n' tried instead on input line 45.

(/usr/local/texlive/2018/texmf-dist/tex/latex/microtype/mt-ptm.cfg
File: mt-ptm.cfg 2006/04/20 v1.7 microtype config. file: Times (RS)
)
LaTeX Font Info:    Font shape `OT1/ptm/bx/n' in size <22.20016> not available
(Font)              Font shape `OT1/ptm/b/n' tried instead on input line 45.
LaTeX Font Info:    Font shape `OT1/ptm/bx/n' in size <18.00018> not available
(Font)              Font shape `OT1/ptm/b/n' tried instead on input line 45.
 [1



{/usr/local/texlive/2018/texmf-var/fonts/map/pdftex/updmap/pdftex.map} <./logo.
png>]
LaTeX Font Info:    Font shape `T1/LibreBaskerville-TLF/m/n' will be
(Font)              scaled to size 14.4pt on input line 45.
LaTeX Font Info:    Font shape `T1/LibreBaskerville-TLF/m/n' will be
(Font)              scaled to size 17.28pt on input line 45.

Underfull \hbox (badness 10000) in paragraph at lines 45--45
[]\T1/LibreBaskerville-TLF/m/n/12 (+20) New An-nales is the semesterly
 []


Underfull \hbox (badness 10000) in paragraph at lines 45--45
\T1/LibreBaskerville-TLF/m/n/12 (+20) pub-li-ca-tion of the Roo-sevelt Club.
 []


Underfull \hbox (badness 10000) in paragraph at lines 45--45

 []


Underfull \hbox (badness 10000) in paragraph at lines 45--45

 []

LaTeX Font Info:    Font shape `OT1/ptm/bx/n' in size <14.4> not available
(Font)              Font shape `OT1/ptm/b/n' tried instead on input line 45.
LaTeX Font Info:    Font shape `OT1/ptm/bx/n' in size <10.95> not available
(Font)              Font shape `OT1/ptm/b/n' tried instead on input line 45.
LaTeX Font Info:    Font shape `OT1/ptm/bx/n' in size <8> not available
(Font)              Font shape `OT1/ptm/b/n' tried instead on input line 45.
[2]
Package microtype Info: Loading generic protrusion settings for font family
(microtype)             `librebaskerville' (encoding: T1).
(microtype)             For optimal results, create family-specific settings.
(microtype)             See the microtype manual for details.
 (./new_annales.toc
LaTeX Font Info:    Try loading font information for T1+Montserrat-LF on input 
line 3.

(/usr/local/texlive/2018/texmf-dist/tex/latex/montserrat/T1Montserrat-LF.fd
File: T1Montserrat-LF.fd 2017/01/25 (autoinst) Font definitions for T1/Montserr
at-LF.
)
LaTeX Font Info:    Font shape `T1/Montserrat-LF/m/n' will be
(Font)              scaled to size 12.0pt on input line 3.
Package microtype Info: Loading generic protrusion settings for font family
(microtype)             `Montserrat-LF' (encoding: T1).
(microtype)             For optimal results, create family-specific settings.
(microtype)             See the microtype manual for details.
LaTeX Font Info:    Font shape `T1/Montserrat-LF/m/n' will be
(Font)              scaled to size 14.4pt on input line 3.
LaTeX Font Info:    Font shape `OT1/ptm/bx/n' in size <12> not available
(Font)              Font shape `OT1/ptm/b/n' tried instead on input line 3.
LaTeX Font Info:    Font shape `OT1/ptm/bx/n' in size <9> not available
(Font)              Font shape `OT1/ptm/b/n' tried instead on input line 3.
LaTeX Font Info:    Font shape `OT1/ptm/bx/n' in size <7> not available
(Font)              Font shape `OT1/ptm/b/n' tried instead on input line 3.
)
\tf@toc=\write4
\openout4 = `new_annales.toc'.


(./include_contents.tex [1


]

LaTeX Font Warning: Font shape `T1/librebaskerville/b/n' undefined
(Font)              using `T1/cmr/m/n' instead on input line 1.

LaTeX Font Info:    Font shape `T1/LibreBaskerville-TLF/m/sl' in size <12> not 
available
(Font)              Font shape `T1/LibreBaskerville-TLF/m/it' tried instead on 
input line 1.
LaTeX Font Info:    Font shape `T1/LibreBaskerville-TLF/m/it' will be
(Font)              scaled to size 12.0pt on input line 1.
LaTeX Font Info:    Font shape `T1/Montserrat-LF/b/n' will be
(Font)              scaled to size 12.0pt on input line 1.
LaTeX Font Info:    Font shape `T1/LibreBaskerville-TLF/m/sl' in size <14.4> no
t available
(Font)              Font shape `T1/LibreBaskerville-TLF/m/it' tried instead on 
input line 1.
LaTeX Font Info:    Font shape `T1/LibreBaskerville-TLF/m/it' will be
(Font)              scaled to size 14.4pt on input line 1.

Package scrlayer-scrpage Warning: \footheight to low.
(scrlayer-scrpage)                At least 20.49998pt needed,
(scrlayer-scrpage)                but only 18.125pt found.
(scrlayer-scrpage)                I'll enlarge \footheight, for further
(scrlayer-scrpage)                processing, but you should do this yourself,
(scrlayer-scrpage)                e.g., using
(scrlayer-scrpage)                  \setlength{\footheight}{20.49998pt}
(scrlayer-scrpage)                in your preamble.
(scrlayer-scrpage)                I'll also increase \footskip on input line 1.


[2

]
\openout2 = `intro/about-the-roosevelt-club_final.aux'.

 (./intro/about-the-roosevelt-club_final.tex
chapter without number

Class scrreprt Warning: \float@addtolists detected!
(scrreprt)              Implementation of \float@addtolist became
(scrreprt)              deprecated in KOMA-Script v3.01 2008/11/14 and
(scrreprt)              has been replaced by several more flexible
(scrreprt)              features of package `tocbasic`.
(scrreprt)              Since Version 3.12 support for deprecated
(scrreprt)              \float@addtolist interface has been
(scrreprt)              restricted to only some of the KOMA-Script
(scrreprt)              features and been removed from others.
(scrreprt)              Loading of package `scrhack' may help to
(scrreprt)              avoid this warning, if you are using a
(scrreprt)              a package that still implements the
(scrreprt)              deprecated \float@addtolist interface .


LaTeX Font Warning: Font shape `T1/LibreBaskerville-TLF/m/sc' undefined
(Font)              using `T1/LibreBaskerville-TLF/m/n' instead on input line 3
.

LaTeX Font Info:    Font shape `T1/LibreBaskerville-TLF/m/n' will be
(Font)              scaled to size 35.42pt on input line 3.
LaTeX Font Info:    Font shape `T1/LibreBaskerville-TLF/m/n' will be
(Font)              scaled to size 44.69655pt on input line 3.
LaTeX Font Info:    Font shape `T1/Montserrat-LF/m/n' will be
(Font)              scaled to size 44.69655pt on input line 3.
LaTeX Font Info:    Font shape `T1/LibreBaskerville-TLF/m/sc' will be
(Font)              scaled to size 12.0pt on input line 3.
LaTeX Font Info:    Font shape `T1/Montserrat-LF/b/n' will be
(Font)              scaled to size 14.4pt on input line 37.

Package scrlayer-scrpage Warning: \footheight to low.
(scrlayer-scrpage)                At least 24.0pt needed,
(scrlayer-scrpage)                but only 20.49998pt found.
(scrlayer-scrpage)                I'll enlarge \footheight, for further
(scrlayer-scrpage)                processing, but you should do this yourself,
(scrlayer-scrpage)                e.g., using
(scrlayer-scrpage)                  \setlength{\footheight}{24.0pt}
(scrlayer-scrpage)                in your preamble.
(scrlayer-scrpage)                I'll also increase \footskip on input line 37
.

[3



]) [4]
\openout2 = `intro/letter-from-the-editor_final.aux'.

 (./intro/letter-from-the-editor_final.tex
chapter without number
) [5



] [6


]
\openout2 = `long_reads/in-defence-of-giving-foreigners-our-tax-money_final.aux
'.

 (./long_reads/in-defence-of-giving-foreigners-our-tax-money_final.tex
chapter without number

Underfull \hbox (badness 1168) in paragraph at lines 8--16
[][]\T1/LibreBaskerville-TLF/m/sc/12 (+20) n 22 Oc-to-ber U.S. Pres-i-
 []


Underfull \hbox (badness 2961) in paragraph at lines 8--16
\T1/LibreBaskerville-TLF/m/sc/12 (+20) Mex-ico to-wards the U.S. bor-
 []


Underfull \hbox (badness 2393) in paragraph at lines 17--25
[]\T1/LibreBaskerville-TLF/m/sc/12 (+20) At the core of Trump's com-
 []


Underfull \vbox (badness 1997) has occurred while \output is active []

 [7



]
Underfull \hbox (badness 1210) in paragraph at lines 52--65
\T1/LibreBaskerville-TLF/m/sc/12 (+20) good rea-son why they should
 []


Underfull \hbox (badness 3838) in paragraph at lines 52--65
\T1/LibreBaskerville-TLF/m/sc/12 (+20) spend such a rel-a-tively large
 []


Underfull \hbox (badness 4036) in paragraph at lines 52--65
\T1/LibreBaskerville-TLF/m/sc/12 (+20) amount of cash on a bunch
 []


Underfull \vbox (badness 10000) has occurred while \output is active []


Underfull \hbox (badness 1097) in paragraph at lines 66--83
\T1/LibreBaskerville-TLF/m/sc/12 (+20) for-eign aid ar-gue that the en-
 []


Underfull \vbox (badness 10000) has occurred while \output is active []

 [8]
Underfull \hbox (badness 2326) in paragraph at lines 84--97
\T1/LibreBaskerville-TLF/m/sc/12 (+20) midst of West-ern lux-ury and
 []


Underfull \hbox (badness 2253) in paragraph at lines 84--97
\T1/LibreBaskerville-TLF/m/sc/12 (+20) mu-nism. It faces op-po-si-tion
 []


Underfull \hbox (badness 1178) in paragraph at lines 84--97
\T1/LibreBaskerville-TLF/m/sc/12 (+20) from all cor-ners of the globe.
 []


Underfull \hbox (badness 1137) in paragraph at lines 84--97
\T1/LibreBaskerville-TLF/m/sc/12 (+20) the marginalised com-mu-ni-ties
 []


Underfull \hbox (badness 1281) in paragraph at lines 98--104
\T1/LibreBaskerville-TLF/m/sc/12 (+20) than the world av-er-age. Any
 []


Underfull \hbox (badness 1824) in paragraph at lines 105--112
\T1/LibreBaskerville-TLF/m/sc/12 (+20) economies like Nige-ria, In-dia,
 []


Underfull \vbox (badness 4569) has occurred while \output is active []

) [9]
\openout2 = `long_reads/the-moral-responsibility-in-foreign-aid_final.aux'.


(./long_reads/the-moral-responsibility-in-foreign-aid_final.tex
chapter without number

Underfull \hbox (badness 1028) in paragraph at lines 4--6
[][]\T1/LibreBaskerville-TLF/m/sc/12 (+20) oes the United King-dom
 []


Underfull \hbox (badness 1867) in paragraph at lines 7--25
\T1/LibreBaskerville-TLF/m/sc/12 (+20) ref-er-ence to the United King-
 []


Underfull \hbox (badness 1152) in paragraph at lines 7--25
\T1/LibreBaskerville-TLF/m/sc/12 (+20) no moral im-per-a-tive de-mand-
 []


Underfull \vbox (badness 10000) has occurred while \output is active []


Underfull \hbox (badness 3965) in paragraph at lines 26--44
\T1/LibreBaskerville-TLF/m/sc/12 (+20) with the pass-ing into law of
 []


Underfull \hbox (badness 2772) in paragraph at lines 26--44
\T1/LibreBaskerville-TLF/m/sc/12 (+20) all Com-pany prop-erty, as-sets,
 []


Underfull \vbox (badness 10000) has occurred while \output is active []

 [10



]
Underfull \hbox (badness 1584) in paragraph at lines 45--70
\T1/LibreBaskerville-TLF/m/sc/12 (+20) es-sen-tially stag-nant, rarely ex-
 []


Underfull \hbox (badness 2564) in paragraph at lines 45--70
\T1/LibreBaskerville-TLF/m/sc/12 (+20) ceed-ing 1% a year, and neg-a-
 []


Underfull \vbox (badness 10000) has occurred while \output is active []


Underfull \hbox (badness 2213) in paragraph at lines 71--96
\T1/LibreBaskerville-TLF/m/sc/12 (+20) rule ben-e-fited In-dia eco-nom-i-
 []


Underfull \hbox (badness 1062) in paragraph at lines 71--96
\T1/LibreBaskerville-TLF/m/sc/12 (+20) of liv-ing. In fact, the British
 []


Underfull \vbox (badness 10000) has occurred while \output is active []

 [11]
Underfull \hbox (badness 3769) in paragraph at lines 97--121
\T1/LibreBaskerville-TLF/m/sc/12 (+20) nial rule in In-dia could also
 []


Underfull \hbox (badness 6412) in paragraph at lines 97--121
\T1/LibreBaskerville-TLF/m/sc/12 (+20) be said to have harmed In-
 []


Underfull \hbox (badness 1019) in paragraph at lines 97--121
\T1/LibreBaskerville-TLF/m/sc/12 (+20) ous famines that claimed mil-
 []


Underfull \hbox (badness 1983) in paragraph at lines 97--121
\T1/LibreBaskerville-TLF/m/sc/12 (+20) fa-mously, the par-ti-tion of In-
 []


Underfull \hbox (badness 1281) in paragraph at lines 97--121
\T1/LibreBaskerville-TLF/m/sc/12 (+20) or-dered his men to open fire
 []


Underfull \hbox (badness 2865) in paragraph at lines 97--121
\T1/LibreBaskerville-TLF/m/sc/12 (+20) thou-sand peace-ful demon-stra-
 []


Underfull \vbox (badness 10000) has occurred while \output is active []


Underfull \hbox (badness 4981) in paragraph at lines 122--142
[]\T1/LibreBaskerville-TLF/m/sc/12 (+20) However, whilst these events
 []


Underfull \hbox (badness 3884) in paragraph at lines 122--142
\T1/LibreBaskerville-TLF/m/sc/12 (+20) were un-doubt-edly hor-ri-ble, I
 []


Underfull \hbox (badness 1199) in paragraph at lines 122--142
\T1/LibreBaskerville-TLF/m/sc/12 (+20) they were the di-rect re-sult of
 []


Underfull \hbox (badness 1092) in paragraph at lines 122--142
\T1/LibreBaskerville-TLF/m/sc/12 (+20) sion of colo-nial pol-icy, rather
 []


Underfull \hbox (badness 3396) in paragraph at lines 122--142
\T1/LibreBaskerville-TLF/m/sc/12 (+20) have killed far more peo-ple).
 []


Underfull \hbox (badness 3179) in paragraph at lines 122--142
\T1/LibreBaskerville-TLF/m/sc/12 (+20) There were other forces that
 []


Underfull \vbox (badness 10000) has occurred while \output is active []

 [12]
Underfull \hbox (badness 1701) in paragraph at lines 143--166
\T1/LibreBaskerville-TLF/m/sc/12 (+20) Res-o-lu-tions of the In-dian Na-
 []


Underfull \hbox (badness 1092) in paragraph at lines 143--166
\T1/LibreBaskerville-TLF/m/sc/12 (+20) tional Congress show that the
 []


Underfull \hbox (badness 1189) in paragraph at lines 143--166
\T1/LibreBaskerville-TLF/m/sc/12 (+20) pletely op-press and dis-en-fran-
 []


Underfull \hbox (badness 1286) in paragraph at lines 143--166
\T1/LibreBaskerville-TLF/m/sc/12 (+20) pices. So, whilst In-dian so-ci-
 []


Underfull \vbox (badness 10000) has occurred while \output is active []


Underfull \vbox (badness 10000) has occurred while \output is active []

 [13]
Underfull \vbox (badness 4569) has occurred while \output is active []

) [14]
\openout2 = `long_reads/the-most-powerful-climate-lie_final.aux'.


(./long_reads/the-most-powerful-climate-lie_final.tex
chapter without number

Underfull \hbox (badness 2277) in paragraph at lines 8--22
\T1/LibreBaskerville-TLF/m/sc/12 (+20) tal Panel for Cli-mate Change
 []


Underfull \hbox (badness 3735) in paragraph at lines 23--46
\T1/LibreBaskerville-TLF/m/sc/12 (+20) com-pla-cent lifestyle choices -
 []


Underfull \hbox (badness 1540) in paragraph at lines 23--46
\T1/LibreBaskerville-TLF/m/sc/12 (+20) child - will-fully play into the
 []

[15



]
Underfull \vbox (badness 10000) has occurred while \output is active []


Underfull \hbox (badness 10000) in paragraph at lines 64--81
[]\T1/LibreBaskerville-TLF/m/sc/12 (+20) Media nar-ra-tives of cli-mate
 []


Underfull \hbox (badness 1117) in paragraph at lines 64--81
\T1/LibreBaskerville-TLF/m/sc/12 (+20) in-dus-tries that are work-ing to
 []


Underfull \hbox (badness 3049) in paragraph at lines 64--81
\T1/LibreBaskerville-TLF/m/sc/12 (+20) of the fos-sil fuel in-dus-try in
 []


Underfull \hbox (badness 2698) in paragraph at lines 64--81
\T1/LibreBaskerville-TLF/m/sc/12 (+20) our up-dated cli-mate time-line.
 []


Underfull \hbox (badness 1062) in paragraph at lines 64--81
\T1/LibreBaskerville-TLF/m/sc/12 (+20) will take un-prece-dented so-cial
 []


Underfull \hbox (badness 3179) in paragraph at lines 64--81
\T1/LibreBaskerville-TLF/m/sc/12 (+20) di-vest-ment cam-paigns, cor-po-
 []


Underfull \hbox (badness 1430) in paragraph at lines 64--81
\T1/LibreBaskerville-TLF/m/sc/12 (+20) rate ac-count-abil-ity ef-forts and
 []


Underfull \hbox (badness 5652) in paragraph at lines 64--81
\T1/LibreBaskerville-TLF/m/sc/12 (+20) tar-get-ing banks and fi-nan-cial
 []


Underfull \hbox (badness 1983) in paragraph at lines 64--81
\T1/LibreBaskerville-TLF/m/sc/12 (+20) and re-new-able en-ergy. Only
 []


Underfull \hbox (badness 1052) in paragraph at lines 64--81
\T1/LibreBaskerville-TLF/m/sc/12 (+20) en-vi-ron-men-tal choices are for
 []

) [16] [17




]
\openout2 = `quick_takes/cannabis-legalisation_final.aux'.

 (./quick_takes/cannabis-legalisation_final.tex
chapter without number

Underfull \hbox (badness 1668) in paragraph at lines 11--19
\T1/LibreBaskerville-TLF/m/sc/12 (+20) ket of or-gan-ised crime. The
 []


Underfull \hbox (badness 1796) in paragraph at lines 20--29
[]\T1/LibreBaskerville-TLF/m/sc/12 (+20) A vi-sion for the fu-ture could
 []


Underfull \hbox (badness 4686) in paragraph at lines 38--49
\T1/LibreBaskerville-TLF/m/sc/12 (+20) ing-ton and Cal-i-for-nia, which
 []


Underfull \hbox (badness 1924) in paragraph at lines 38--49
\T1/LibreBaskerville-TLF/m/sc/12 (+20) have le-galised cannabis, black
 []

[18




]) [19

]
\openout2 = `quick_takes/designer-babies_final.aux'.

 (./quick_takes/designer-babies_final.tex
chapter without number

Underfull \hbox (badness 2600) in paragraph at lines 3--15
[][]\T1/LibreBaskerville-TLF/m/sc/12 (+20) uman birth, in the way
 []


Underfull \hbox (badness 1052) in paragraph at lines 3--15
\T1/LibreBaskerville-TLF/m/sc/12 (+20) mod-i-fi-ca-tion of their chil-dren,
 []


Underfull \hbox (badness 10000) in paragraph at lines 16--28
[]\T1/LibreBaskerville-TLF/m/sc/12 (+20) The ad-vance-ment of bio-
 []


Underfull \hbox (badness 10000) in paragraph at lines 16--28
\T1/LibreBaskerville-TLF/m/sc/12 (+20) technology seems to be de-
 []


Underfull \hbox (badness 4543) in paragraph at lines 16--28
\T1/LibreBaskerville-TLF/m/sc/12 (+20) new tech-nol-ogy. Both state
 []


Underfull \hbox (badness 3439) in paragraph at lines 16--28
\T1/LibreBaskerville-TLF/m/sc/12 (+20) gov-ern-ments, like the United
 []


Underfull \hbox (badness 3735) in paragraph at lines 16--28
\T1/LibreBaskerville-TLF/m/sc/12 (+20) like the Eu-ro-pean Union are
 []


Underfull \hbox (badness 10000) in paragraph at lines 16--28
\T1/LibreBaskerville-TLF/m/sc/12 (+20) ge-net-i-cally mod-i-fied hu-mans.
 []


Underfull \hbox (badness 3735) in paragraph at lines 16--28
\T1/LibreBaskerville-TLF/m/sc/12 (+20) line the eth-i-cal con-se-quences
 []


Underfull \hbox (badness 2035) in paragraph at lines 16--28
\T1/LibreBaskerville-TLF/m/sc/12 (+20) face by le-gal-is-ing the unadul-
 []


Underfull \hbox (badness 10000) in paragraph at lines 16--28
\T1/LibreBaskerville-TLF/m/sc/12 (+20) ge-netic mod-i-fi-ca-tion will be
 []


Underfull \hbox (badness 3568) in paragraph at lines 39--51
[]\T1/LibreBaskerville-TLF/m/sc/12 (+20) Prior to ge-netic mod-i-fi-ca-tion,
 []


Underfull \hbox (badness 1721) in paragraph at lines 39--51
\T1/LibreBaskerville-TLF/m/sc/12 (+20) unique gifts are not pre-de-ter-
 []


Underfull \hbox (badness 1142) in paragraph at lines 39--51
\T1/LibreBaskerville-TLF/m/sc/12 (+20) mined but nat-u-rally in-her-ited.
 []


Underfull \hbox (badness 2376) in paragraph at lines 39--51
\T1/LibreBaskerville-TLF/m/sc/12 (+20) ba-bies en-com-passes a sud-den
 []


Underfull \vbox (badness 10000) has occurred while \output is active []

 [20



]
Underfull \vbox (badness 10000) has occurred while \output is active []


Underfull \hbox (badness 3375) in paragraph at lines 67--79
\T1/LibreBaskerville-TLF/m/sc/12 (+20) en-gi-neered to have these tal-
 []


Underfull \hbox (badness 4366) in paragraph at lines 67--79
\T1/LibreBaskerville-TLF/m/sc/12 (+20) ethic, de-vot-ing his time and
 []


Underfull \hbox (badness 1852) in paragraph at lines 67--79
\T1/LibreBaskerville-TLF/m/sc/12 (+20) com-mend-able. While Jor-dan
 []


Underfull \hbox (badness 10000) in paragraph at lines 80--89
[]\T1/LibreBaskerville-TLF/m/sc/12 (+20) As wisely stated by ethi-cist
 []


Underfull \hbox (badness 2426) in paragraph at lines 80--89
\T1/LibreBaskerville-TLF/m/sc/12 (+20) Michael San-dler, "rather than
 []


Underfull \hbox (badness 4872) in paragraph at lines 80--89
\T1/LibreBaskerville-TLF/m/sc/12 (+20) of cre-at-ing the "per-fect NFL
 []


Underfull \hbox (badness 1152) in paragraph at lines 80--89
\T1/LibreBaskerville-TLF/m/sc/12 (+20) that is merely de-signed to be
 []


Underfull \vbox (badness 4569) has occurred while \output is active []

 [21]
Underfull \hbox (badness 2689) in paragraph at lines 104--111
\T1/LibreBaskerville-TLF/m/sc/12 (+20) nised as detri-men-tal ail-ments
 []


Underfull \hbox (badness 3803) in paragraph at lines 104--111
\T1/LibreBaskerville-TLF/m/sc/12 (+20) that have robbed hu-mans of
 []


Underfull \hbox (badness 1496) in paragraph at lines 104--111
\T1/LibreBaskerville-TLF/m/sc/12 (+20) their lives for count-less years.
 []


Underfull \vbox (badness 4569) has occurred while \output is active []


Underfull \hbox (badness 1990) in paragraph at lines 112--134
[]\T1/LibreBaskerville-TLF/m/sc/12 (+20) For ex-am-ple, in 2008 a deaf
 []


Underfull \hbox (badness 1077) in paragraph at lines 112--134
\T1/LibreBaskerville-TLF/m/sc/12 (+20) in need of cor-rec-tion. If the
 []


Underfull \vbox (badness 10000) has occurred while \output is active []

 [22]
Underfull \hbox (badness 1365) in paragraph at lines 135--149
\T1/LibreBaskerville-TLF/m/sc/12 (+20) quences. While a world free
 []


Underfull \vbox (badness 10000) has occurred while \output is active []

)
Underfull \hbox (badness 1430) in paragraph at lines 150--17
\T1/LibreBaskerville-TLF/m/sc/12 (+20) once said, "hu-man be-ings are
 []


Underfull \hbox (badness 1158) in paragraph at lines 150--17
\T1/LibreBaskerville-TLF/m/sc/12 (+20) ity to work through ad-ver-sity,
 []

[23]
\openout2 = `quick_takes/the-ethics-of-self-driving-cars_final.aux'.

 (./quick_takes/the-ethics-of-self-driving-cars_final.tex
chapter without number

Underfull \hbox (badness 3407) in paragraph at lines 4--10
[][]\T1/LibreBaskerville-TLF/m/sc/12 (+20) he ad-vent of self-driving
 []


Underfull \hbox (badness 1552) in paragraph at lines 4--10
\T1/LibreBaskerville-TLF/m/sc/12 (+20) por-tant tech-no-log-i-cal progress
 []


Underfull \hbox (badness 1019) in paragraph at lines 11--15
\T1/LibreBaskerville-TLF/m/sc/12 (+20) at-ten-tion in the re-cent de-bate
 []


Underfull \hbox (badness 1325) in paragraph at lines 16--32
\T1/LibreBaskerville-TLF/m/sc/12 (+20) of the in-di-vid-u-als in-volved in
 []


Underfull \hbox (badness 1342) in paragraph at lines 16--32
\T1/LibreBaskerville-TLF/m/sc/12 (+20) tion to a re-cent ef-fort by the
 []


Underfull \hbox (badness 1584) in paragraph at lines 16--32
\T1/LibreBaskerville-TLF/m/sc/12 (+20) chine,' presents us with vari-a-
 []


Underfull \hbox (badness 1953) in paragraph at lines 41--53
[]\T1/LibreBaskerville-TLF/m/sc/12 (+20) Mr George's piece calls for a
 []


Underfull \vbox (badness 10000) has occurred while \output is active []

 [24



]
Underfull \hbox (badness 1509) in paragraph at lines 58--74
\T1/LibreBaskerville-TLF/m/sc/12 (+20) cars, and in turn equip these
 []


Underfull \vbox (badness 4569) has occurred while \output is active []


Underfull \hbox (badness 2080) in paragraph at lines 75--86
\T1/LibreBaskerville-TLF/m/sc/12 (+20) in fact, en-dow-ing self-driving
 []


Underfull \hbox (badness 1137) in paragraph at lines 87--104
\T1/LibreBaskerville-TLF/m/sc/12 (+20) dom -- and we of-ten con-grat-
 []


Underfull \hbox (badness 2253) in paragraph at lines 87--104
\T1/LibreBaskerville-TLF/m/sc/12 (+20) the liberal-democratic West --
 []


Underfull \hbox (badness 1082) in paragraph at lines 87--104
\T1/LibreBaskerville-TLF/m/sc/12 (+20) ac-cept them on a larger scale
 []


Underfull \vbox (badness 10000) has occurred while \output is active []

 [25]
Underfull \vbox (badness 10000) has occurred while \output is active []


Underfull \vbox (badness 10000) has occurred while \output is active []

 [26]
Underfull \hbox (badness 6396) in paragraph at lines 134--137
\T1/LibreBaskerville-TLF/m/sc/12 (+20) see [22]an-other use-ful ex-plo-
 []


Underfull \hbox (badness 3323) in paragraph at lines 138--139
\T1/LibreBaskerville-TLF/m/sc/12 (+20) `[23]Moral Ma-chine' for your-
 []

) [27

] [28




]
\openout2 = `reviews/hit-refresh_final.aux'.

 (./reviews/hit-refresh_final.tex
chapter without number

Underfull \hbox (badness 1325) in paragraph at lines 4--11
\T1/LibreBaskerville-TLF/m/sc/12 (+20) its first chap-ter, in which
 []


Underfull \hbox (badness 1142) in paragraph at lines 4--11
\T1/LibreBaskerville-TLF/m/sc/12 (+20) con-cerns it-self al-most en-tirely
 []


Underfull \hbox (badness 5817) in paragraph at lines 4--11
\T1/LibreBaskerville-TLF/m/sc/12 (+20) with de-tail-ing Nadella's back-
 []


Underfull \hbox (badness 10000) in paragraph at lines 19--24
[]\T1/LibreBaskerville-TLF/m/sc/12 (+20) This un-der-stand-ing cer-tainly
 []


Underfull \hbox (badness 1286) in paragraph at lines 19--24
\T1/LibreBaskerville-TLF/m/sc/12 (+20) -- ev-ery-one should at-tempt to
 []


Underfull \hbox (badness 2005) in paragraph at lines 19--24
\T1/LibreBaskerville-TLF/m/sc/12 (+20) un-der-stand each other. This
 []


Underfull \hbox (badness 10000) in paragraph at lines 19--24
\T1/LibreBaskerville-TLF/m/sc/12 (+20) sig-nif-i-cant paradigm shift in
 []


Underfull \hbox (badness 7151) in paragraph at lines 19--24
\T1/LibreBaskerville-TLF/m/sc/12 (+20) per-fec-tion, and com-mend-ing
 []


Underfull \hbox (badness 3219) in paragraph at lines 31--40
\T1/LibreBaskerville-TLF/m/sc/12 (+20) [22]per-form bet-ter than their
 []

[29




])
Underfull \hbox (badness 1496) in paragraph at lines 48--23
[]\T1/LibreBaskerville-TLF/m/sc/12 (+20) For more in-for-ma-tion on the
 []


Underfull \hbox (badness 3428) in paragraph at lines 48--23
\T1/LibreBaskerville-TLF/m/sc/12 (+20) book, see [24]Hit Re-fresh by
 []

[30

]
\openout2 = `reviews/natural-capital_final.aux'.

 (./reviews/natural-capital_final.tex
chapter without number

Underfull \hbox (badness 1418) in paragraph at lines 25--31
\T1/LibreBaskerville-TLF/m/sc/12 (+20) me, cov-er-ing the com-pli-cated
 []


Underfull \hbox (badness 2512) in paragraph at lines 38--44
\T1/LibreBaskerville-TLF/m/sc/12 (+20) book to any-one in-ter-ested in
 []


Underfull \hbox (badness 2846) in paragraph at lines 38--44
\T1/LibreBaskerville-TLF/m/sc/12 (+20) eco-nomics or cli-mate change.
 []


Underfull \hbox (badness 1681) in paragraph at lines 38--44
\T1/LibreBaskerville-TLF/m/sc/12 (+20) The au-thor's abun-dant knowl-
 []

[31



]
Underfull \hbox (badness 1496) in paragraph at lines 45--47
[]\T1/LibreBaskerville-TLF/m/sc/12 (+20) For more in-for-ma-tion on the
 []

) [32

]
\openout2 = `reviews/spaces-of-aid_final.aux'.

 (./reviews/spaces-of-aid_final.tex
chapter without number

Underfull \hbox (badness 1558) in paragraph at lines 3--11
\T1/LibreBaskerville-TLF/m/sc/12 (+20) set off to play their part
 []


Underfull \hbox (badness 7740) in paragraph at lines 3--11
\T1/LibreBaskerville-TLF/m/sc/12 (+20) in less-en-ing the rad-i-cal and
 []


Underfull \hbox (badness 1057) in paragraph at lines 18--25
\T1/LibreBaskerville-TLF/m/sc/12 (+20) ines spaces, ob-jects, and en-vi-
 []


Underfull \hbox (badness 1297) in paragraph at lines 26--37
\T1/LibreBaskerville-TLF/m/sc/12 (+20) pound, the SUV, and the lux-
 []


Underfull \hbox (badness 1158) in paragraph at lines 26--37
\T1/LibreBaskerville-TLF/m/sc/12 (+20) in re-al-ity. Gated com-pounds,
 []

[33



]
Underfull \hbox (badness 3189) in paragraph at lines 45--55
\T1/LibreBaskerville-TLF/m/sc/12 (+20) can be trans-lated into better-
 []


Underfull \hbox (badness 1496) in paragraph at lines 56--57
[]\T1/LibreBaskerville-TLF/m/sc/12 (+20) For more in-for-ma-tion on the
 []

) [34

]
\openout2 = `reviews/the-name-of-the-rose_final.aux'.

 (./reviews/the-name-of-the-rose_final.tex
chapter without number

Underfull \hbox (badness 3568) in paragraph at lines 20--27
[]\T1/LibreBaskerville-TLF/m/sc/12 (+20) Today we are ac-cus-tomed to
 []


Underfull \hbox (badness 1629) in paragraph at lines 34--48
\T1/LibreBaskerville-TLF/m/sc/12 (+20) gross ex-ag-ger-a-tion, and could
 []

[35



]
Underfull \hbox (badness 10000) in paragraph at lines 49--57
[]\T1/LibreBaskerville-TLF/m/sc/12 (+20) This pro-tag-o-nist, Brother
 []


Underfull \hbox (badness 10000) in paragraph at lines 49--57
\T1/LibreBaskerville-TLF/m/sc/12 (+20) William of Baskerville, pro-
 []


Underfull \hbox (badness 1565) in paragraph at lines 49--57
\T1/LibreBaskerville-TLF/m/sc/12 (+20) vides an ex-cel-lent role model
 []


Underfull \hbox (badness 10000) in paragraph at lines 49--57
\T1/LibreBaskerville-TLF/m/sc/12 (+20) for the young stu-dents and
 []


Underfull \hbox (badness 1400) in paragraph at lines 49--57
\T1/LibreBaskerville-TLF/m/sc/12 (+20) lead-ers of to-day. He stresses
 []


Underfull \hbox (badness 5681) in paragraph at lines 49--57
\T1/LibreBaskerville-TLF/m/sc/12 (+20) knowl-edge, keep-ing an open
 []


Underfull \hbox (badness 1715) in paragraph at lines 49--57
\T1/LibreBaskerville-TLF/m/sc/12 (+20) is the ar-ro-gance of the spirit,
 []


Underfull \hbox (badness 1215) in paragraph at lines 49--57
\T1/LibreBaskerville-TLF/m/sc/12 (+20) says. In his own round-about
 []


Underfull \vbox (badness 4569) has occurred while \output is active []


Underfull \hbox (badness 1496) in paragraph at lines 65--67
[]\T1/LibreBaskerville-TLF/m/sc/12 (+20) For more in-for-ma-tion on the
 []

) [36] [37




]
\openout2 = `closing/letter-from-the-president_final.aux'.

 (./closing/letter-from-the-president_final.tex
chapter without number
[38




]) [39])
Package atveryend Info: Empty hook `BeforeClearDocument' on input line 55.
Package atveryend Info: Empty hook `AfterLastShipout' on input line 55.
 (./new_annales.aux (./intro/about-the-roosevelt-club_final.aux)
(./intro/letter-from-the-editor_final.aux)
(./long_reads/in-defence-of-giving-foreigners-our-tax-money_final.aux)
(./long_reads/the-moral-responsibility-in-foreign-aid_final.aux)
(./long_reads/the-most-powerful-climate-lie_final.aux)
(./quick_takes/cannabis-legalisation_final.aux)
(./quick_takes/designer-babies_final.aux)
(./quick_takes/the-ethics-of-self-driving-cars_final.aux)
(./reviews/hit-refresh_final.aux) (./reviews/natural-capital_final.aux)
(./reviews/spaces-of-aid_final.aux) (./reviews/the-name-of-the-rose_final.aux)
(./closing/letter-from-the-president_final.aux))
Package atveryend Info: Executing hook `AtVeryEndDocument' on input line 55.
Package atveryend Info: Executing hook `AtEndAfterFileList' on input line 55.
Package rerunfilecheck Info: File `new_annales.out' has not changed.
(rerunfilecheck)             Checksum: D1D50CDA8CDB014C6A7FB228E3DFCE55;1111.


LaTeX Font Warning: Some font shapes were not available, defaults substituted.

Package atveryend Info: Empty hook `AtVeryVeryEnd' on input line 55.
 ) 
Here is how much of TeX's memory you used:
 15851 strings out of 492649
 294890 string characters out of 6129621
 643405 words of memory out of 5000000
 19134 multiletter control sequences out of 15000+600000
 268345 words of font info for 211 fonts, out of 8000000 for 9000
 1141 hyphenation exceptions out of 8191
 66i,22n,99p,9114b,587s stack positions out of 5000i,500n,10000p,200000b,80000s
{/usr/local/texlive/2018/texmf-dist/fonts/enc/dvips/montserrat/zmo_ogifq5.enc
}{/usr/local/texlive/2018/texmf-dist/fonts/enc/dvips/cm-super/cm-super-t1.enc}{
/usr/local/texlive/2018/texmf-dist/fonts/enc/dvips/librebaskerville/lbsk_7c5ufm
.enc}{/usr/local/texlive/2018/texmf-dist/fonts/enc/dvips/tex-gyre/q-ec.enc}</us
r/local/texlive/2018/texmf-dist/fonts/type1/impallari/librebaskerville/LibreBas
kerville-Regular.pfb></usr/local/texlive/2018/texmf-dist/fonts/type1/public/mon
tserrat/Montserrat-Bold.pfb></usr/local/texlive/2018/texmf-dist/fonts/type1/pub
lic/montserrat/Montserrat-Regular.pfb></usr/local/texlive/2018/texmf-dist/fonts
/type1/public/tex-gyre/qhvr.pfb></usr/local/texlive/2018/texmf-dist/fonts/type1
/public/cm-super/sfrm1200.pfb></usr/local/texlive/2018/texmf-dist/fonts/type1/p
ublic/cm-super/sfrm1728.pfb>
Output written on new_annales.pdf (41 pages, 422256 bytes).
PDF statistics:
 319 PDF objects out of 1000 (max. 8388607)
 265 compressed objects within 3 object streams
 60 named destinations out of 1000 (max. 500000)
 41110 words of extra memory for PDF output out of 42996 (max. 10000000)

